[2025-06-30T07:18:08.207Z] [INFO] 🚀 집합건물 서비스 v3.5 시작됨
[2025-06-30T07:18:08.208Z] [INFO] 📡 포트: 3003
[2025-06-30T07:18:08.208Z] [INFO] 🌐 웹 인터페이스: http://localhost:3003
[2025-06-30T07:18:08.208Z] [INFO] 📋 사용 뷰: viwOs5jlYkIGPZ142
[2025-06-30T07:18:08.209Z] [INFO] ⏱️ API 지연시간: 0.8초
[2025-06-30T07:18:08.209Z] [INFO] 🔄 스케줄: 1분마다 실행
[2025-06-30T07:19:01.222Z] [INFO] 🎯 처리할 집합건물 레코드 발견, 작업 실행 중...
[2025-06-30T07:19:01.222Z] [INFO] 🚀 집합건물 정보 수집 작업 시작...
[2025-06-30T07:19:01.900Z] [INFO] 📋 뷰에서 1개 레코드 발견
[2025-06-30T07:19:01.901Z] [INFO] ⏳ 직렬 처리 시작 (총 1개)...
[2025-06-30T07:19:01.901Z] [INFO] 
📍 [1/1] 처리 중: recTyC1tOEXjA3Ca6
[2025-06-30T07:19:01.902Z] [INFO] 🏗️ 레코드 처리 시작: recTyC1tOEXjA3Ca6 - 관악구 신림동 10-382  지층
[2025-06-30T07:19:07.312Z] [INFO] 📍 생성된 PNU: 1162010200100100382
[2025-06-30T07:19:07.312Z] [INFO] 📡 API 데이터 수집 시작 (병렬 처리)...
[2025-06-30T07:19:07.313Z] [INFO] 🌍 VWorld 토지특성 정보 조회 시작 - PNU: 1162010200100100382
[2025-06-30T07:19:07.313Z] [INFO] 🌍 VWorld 대지지분 정보 조회 시작 - PNU: 1162010200100100382, 동: , 호: 지층
[2025-06-30T07:19:08.160Z] [INFO] ✅ VWorld 토지특성 성공 - 용도지역: 제1종일반주거지역, 토지면적: 175
[2025-06-30T07:19:08.164Z] [WARN] ⚠️ VWorld 대지지분 - 응답 구조 이상: response.fields.field가 없음
[2025-06-30T07:19:12.527Z] [INFO] ⚡ API 데이터 수집 완료 (5214ms)
[2025-06-30T07:19:12.527Z] [WARN] ⚠️ mgmBldrgstPk를 찾을 수 없어 주택가격 정보 건너뜀
[2025-06-30T07:19:12.527Z] [INFO] 총괄표제부 없음, 표제부 데이터 처리 중 (빌라, 다세대 등)
[2025-06-30T07:19:12.528Z] [INFO] 📝 업데이트 예정 필드: 도로명주소, 건물명, 주구조, 지붕, 주용도, 연면적(㎡), 용적률산정용연면적(㎡), 건축면적(㎡), 사용승인일, 총층수, 해당동 세대/가구/호, 총 세대/가구/호, 주건물수, 전용면적(㎡), 공급면적(㎡), 용도지역, 토지면적(㎡), 주택가격(만원)
[2025-06-30T07:19:13.301Z] [INFO] ✅ 에어테이블 업데이트 성공: recTyC1tOEXjA3Ca6 (총 11203ms)
[2025-06-30T07:19:13.301Z] [INFO] ✅ [1/1] 성공: recTyC1tOEXjA3Ca6
[2025-06-30T07:19:13.301Z] [INFO] 
🎉 작업 완료!
[2025-06-30T07:19:13.302Z] [INFO] 📊 처리 결과: 1개 중 1개 성공, 0개 실패
[2025-06-30T07:19:13.302Z] [INFO] 📈 성공률: 100.0%
