[2025-10-01T03:02:38.225Z] [INFO] 🚀 집합건물 서비스 v3.8 시작됨
[2025-10-01T03:02:38.225Z] [INFO] 📡 포트: 3003
[2025-10-01T03:02:38.226Z] [INFO] 🌐 웹 인터페이스: http://localhost:3003
[2025-10-01T03:02:38.226Z] [INFO] 📋 사용 뷰: viwOs5jlYkIGPZ142
[2025-10-01T03:02:38.226Z] [INFO] ⏱️ API 지연시간: 0.8초
[2025-10-01T03:02:38.226Z] [INFO] 🔄 스케줄: 1분마다 실행
[2025-10-01T11:06:01.745Z] [INFO] 🎯 처리할 집합건물 레코드 발견, 작업 실행 중...
[2025-10-01T11:06:01.752Z] [INFO] 🚀 집합건물 정보 수집 작업 시작...
[2025-10-01T11:06:02.587Z] [INFO] 📋 뷰에서 1개 레코드 발견
[2025-10-01T11:06:02.589Z] [INFO] ⏳ 직렬 처리 시작 (총 1개)...
[2025-10-01T11:06:02.590Z] [INFO] 
📍 [1/1] 처리 중: rec5JWDcJe0qCnjbz
[2025-10-01T11:06:02.591Z] [INFO] 🏗️ 레코드 처리 시작 (시도 1/5): rec5JWDcJe0qCnjbz - 관악구 봉천동 1689-8  지하B102호
[2025-10-01T11:06:06.298Z] [INFO] 📍 생성된 PNU: 1162010100116890008
[2025-10-01T11:06:06.298Z] [INFO] 📡 API 데이터 수집 시작 (병렬 처리)...
[2025-10-01T11:06:06.300Z] [INFO] 🌍 VWorld 토지특성 정보 조회 시작 - PNU: 1162010100116890008
[2025-10-01T11:06:06.300Z] [INFO] 🌍 VWorld 대지지분 정보 조회 시작 - PNU: 1162010100116890008, 동: , 호: 지하B102호
[2025-10-01T11:06:06.301Z] [INFO] 대지지분 시도: 동='', 호='지하B102호'
[2025-10-01T11:06:06.301Z] [INFO] 🏠 VWorld 주택가격 정보 조회 시작 - PNU: 1162010100116890008, 동: , 호: 지하B102호
[2025-10-01T11:06:06.302Z] [INFO] 주택가격 시도: 동='', 호='지하B102호'
[2025-10-01T11:06:07.106Z] [INFO] 🏢 면적 정보 조회 시작 - 원본 동/호: 동='', 호='지하B102호'
[2025-10-01T11:06:07.150Z] [ERROR] getBuildingTitleInfo 실패: Hostname/IP does not match certificate's altnames: Host: apis.data.go.kr. is not cert's CN: 27.101.208.130
[2025-10-01T11:06:07.152Z] [ERROR] getBuildingExposInfo 실패: Hostname/IP does not match certificate's altnames: Host: apis.data.go.kr. is not cert's CN: 27.101.208.130
[2025-10-01T11:06:07.161Z] [INFO] ✅ VWorld 토지특성 성공 - 용도지역: 제2종일반주거지역, 토지면적: 119.7
[2025-10-01T11:06:07.164Z] [INFO] 대지지분 시도: 동='', 호='102'
[2025-10-01T11:06:07.166Z] [INFO] 주택가격 시도: 동='', 호='102'
[2025-10-01T11:06:07.167Z] [ERROR] getBuildingRecapInfo 실패: Hostname/IP does not match certificate's altnames: Host: apis.data.go.kr. is not cert's CN: 27.101.208.130
[2025-10-01T11:06:07.176Z] [ERROR] getBuildingAreaInfo 실패: Hostname/IP does not match certificate's altnames: Host: apis.data.go.kr. is not cert's CN: 27.101.208.130
[2025-10-01T11:06:08.001Z] [INFO] ✅ 대지지분 성공: 동='', 호='102', 지분=33.125
[2025-10-01T11:06:08.006Z] [INFO] 주택가격 시도: 동='', 호='지하B102'
[2025-10-01T11:06:08.926Z] [INFO] ✅ 주택가격 성공: 동='', 호='지하B102', 가격=11200만원, 년도=2025
[2025-10-01T11:06:08.926Z] [INFO] ⚡ API 데이터 수집 완료 (2628ms)
[2025-10-01T11:06:08.927Z] [INFO] 총괄표제부 없음, 표제부 데이터 처리 중 (빌라, 다세대 등)
[2025-10-01T11:06:08.927Z] [INFO] 📊 최종 면적 정보: 전용=없음㎡, 공용=0㎡, 공급=없음㎡
[2025-10-01T11:06:08.927Z] [INFO] 📝 업데이트 예정 필드: 용도지역, 토지면적(㎡), 주택가격(만원), 주택가격기준년도, 대지지분(㎡)
[2025-10-01T11:06:09.851Z] [INFO] ✅ 에어테이블 업데이트 성공: rec5JWDcJe0qCnjbz (총 3553ms)
[2025-10-01T11:06:09.852Z] [INFO] ✅ 레코드 성공, 재시도 이력 삭제: rec5JWDcJe0qCnjbz
[2025-10-01T11:06:09.852Z] [INFO] 
🎉 작업 완료!
[2025-10-01T11:06:09.852Z] [INFO] 📊 처리 결과: 1개 중 1개 성공, 0개 실패, 0개 건너뜀
[2025-10-01T11:06:09.852Z] [INFO] 📈 성공률: 100.0%
[2025-10-01T11:07:01.770Z] [INFO] 🎯 처리할 집합건물 레코드 발견, 작업 실행 중...
[2025-10-01T11:07:01.770Z] [INFO] 🚀 집합건물 정보 수집 작업 시작...
[2025-10-01T11:07:02.635Z] [INFO] 📋 뷰에서 1개 레코드 발견
[2025-10-01T11:07:02.635Z] [INFO] ⏳ 직렬 처리 시작 (총 1개)...
[2025-10-01T11:07:02.635Z] [INFO] 
📍 [1/1] 처리 중: rec5JWDcJe0qCnjbz
[2025-10-01T11:07:02.635Z] [INFO] 🏗️ 레코드 처리 시작 (시도 1/5): rec5JWDcJe0qCnjbz - 관악구 봉천동 1689-8  지하B102호
[2025-10-01T11:07:08.294Z] [INFO] 📍 생성된 PNU: 1162010100116890008
[2025-10-01T11:07:08.294Z] [INFO] 📡 API 데이터 수집 시작 (병렬 처리)...
[2025-10-01T11:07:08.294Z] [INFO] 🌍 VWorld 토지특성 정보 조회 시작 - PNU: 1162010100116890008
[2025-10-01T11:07:08.294Z] [INFO] 🌍 VWorld 대지지분 정보 조회 시작 - PNU: 1162010100116890008, 동: , 호: 지하B102호
[2025-10-01T11:07:08.294Z] [INFO] 대지지분 시도: 동='', 호='지하B102호'
[2025-10-01T11:07:08.294Z] [INFO] 🏠 VWorld 주택가격 정보 조회 시작 - PNU: 1162010100116890008, 동: , 호: 지하B102호
[2025-10-01T11:07:08.295Z] [INFO] 주택가격 시도: 동='', 호='지하B102호'
[2025-10-01T11:07:09.096Z] [INFO] 🏢 면적 정보 조회 시작 - 원본 동/호: 동='', 호='지하B102호'
[2025-10-01T11:07:09.141Z] [INFO] 주택가격 시도: 동='', 호='102'
[2025-10-01T11:07:09.141Z] [INFO] 대지지분 시도: 동='', 호='102'
[2025-10-01T11:07:09.143Z] [INFO] ✅ VWorld 토지특성 성공 - 용도지역: 제2종일반주거지역, 토지면적: 119.7
[2025-10-01T11:07:09.557Z] [ERROR] getBuildingExposInfo 실패: Hostname/IP does not match certificate's altnames: Host: apis.data.go.kr. is not cert's CN: 27.101.208.130
[2025-10-01T11:07:09.568Z] [ERROR] getBuildingAreaInfo 실패: Hostname/IP does not match certificate's altnames: Host: apis.data.go.kr. is not cert's CN: 27.101.208.130
[2025-10-01T11:07:09.570Z] [ERROR] getBuildingTitleInfo 실패: Hostname/IP does not match certificate's altnames: Host: apis.data.go.kr. is not cert's CN: 27.101.208.130
[2025-10-01T11:07:09.572Z] [ERROR] getBuildingRecapInfo 실패: Hostname/IP does not match certificate's altnames: Host: apis.data.go.kr. is not cert's CN: 27.101.208.130
[2025-10-01T11:07:09.976Z] [INFO] 주택가격 시도: 동='', 호='지하B102'
[2025-10-01T11:07:09.982Z] [INFO] ✅ 대지지분 성공: 동='', 호='102', 지분=33.125
[2025-10-01T11:07:10.812Z] [INFO] ✅ 주택가격 성공: 동='', 호='지하B102', 가격=11200만원, 년도=2025
[2025-10-01T11:07:10.812Z] [INFO] ⚡ API 데이터 수집 완료 (2518ms)
[2025-10-01T11:07:10.813Z] [INFO] 총괄표제부 없음, 표제부 데이터 처리 중 (빌라, 다세대 등)
[2025-10-01T11:07:10.813Z] [INFO] 📊 최종 면적 정보: 전용=없음㎡, 공용=0㎡, 공급=없음㎡
[2025-10-01T11:07:10.813Z] [INFO] 📝 업데이트 예정 필드: 용도지역, 토지면적(㎡), 주택가격(만원), 주택가격기준년도, 대지지분(㎡)
[2025-10-01T11:07:11.684Z] [INFO] ✅ 에어테이블 업데이트 성공: rec5JWDcJe0qCnjbz (총 3390ms)
[2025-10-01T11:07:11.684Z] [INFO] ✅ 레코드 성공, 재시도 이력 삭제: rec5JWDcJe0qCnjbz
[2025-10-01T11:07:11.684Z] [INFO] 
🎉 작업 완료!
[2025-10-01T11:07:11.684Z] [INFO] 📊 처리 결과: 1개 중 1개 성공, 0개 실패, 0개 건너뜀
[2025-10-01T11:07:11.684Z] [INFO] 📈 성공률: 100.0%
[2025-10-01T11:08:01.948Z] [INFO] 🎯 처리할 집합건물 레코드 발견, 작업 실행 중...
[2025-10-01T11:08:01.948Z] [INFO] 🚀 집합건물 정보 수집 작업 시작...
[2025-10-01T11:08:02.556Z] [INFO] 📋 뷰에서 1개 레코드 발견
[2025-10-01T11:08:02.557Z] [INFO] ⏳ 직렬 처리 시작 (총 1개)...
[2025-10-01T11:08:02.557Z] [INFO] 
📍 [1/1] 처리 중: rec5JWDcJe0qCnjbz
[2025-10-01T11:08:02.557Z] [INFO] 🏗️ 레코드 처리 시작 (시도 1/5): rec5JWDcJe0qCnjbz - 관악구 봉천동 1689-8  지하B102호
[2025-10-01T11:08:07.978Z] [INFO] 📍 생성된 PNU: 1162010100116890008
[2025-10-01T11:08:07.978Z] [INFO] 📡 API 데이터 수집 시작 (병렬 처리)...
[2025-10-01T11:08:07.978Z] [INFO] 🌍 VWorld 토지특성 정보 조회 시작 - PNU: 1162010100116890008
[2025-10-01T11:08:07.978Z] [INFO] 🌍 VWorld 대지지분 정보 조회 시작 - PNU: 1162010100116890008, 동: , 호: 지하B102호
[2025-10-01T11:08:07.978Z] [INFO] 대지지분 시도: 동='', 호='지하B102호'
[2025-10-01T11:08:07.978Z] [INFO] 🏠 VWorld 주택가격 정보 조회 시작 - PNU: 1162010100116890008, 동: , 호: 지하B102호
[2025-10-01T11:08:07.979Z] [INFO] 주택가격 시도: 동='', 호='지하B102호'
[2025-10-01T11:08:08.781Z] [INFO] 🏢 면적 정보 조회 시작 - 원본 동/호: 동='', 호='지하B102호'
[2025-10-01T11:08:08.817Z] [INFO] 대지지분 시도: 동='', 호='102'
[2025-10-01T11:08:08.820Z] [INFO] ✅ VWorld 토지특성 성공 - 용도지역: 제2종일반주거지역, 토지면적: 119.7
[2025-10-01T11:08:08.821Z] [INFO] 주택가격 시도: 동='', 호='102'
[2025-10-01T11:08:09.658Z] [INFO] ✅ 대지지분 성공: 동='', 호='102', 지분=33.125
[2025-10-01T11:08:09.659Z] [INFO] 주택가격 시도: 동='', 호='지하B102'
[2025-10-01T11:08:10.023Z] [ERROR] getBuildingExposInfo 실패: Hostname/IP does not match certificate's altnames: Host: apis.data.go.kr. is not cert's CN: 27.101.208.130
[2025-10-01T11:08:10.025Z] [ERROR] getBuildingTitleInfo 실패: Hostname/IP does not match certificate's altnames: Host: apis.data.go.kr. is not cert's CN: 27.101.208.130
[2025-10-01T11:08:10.027Z] [ERROR] getBuildingAreaInfo 실패: Hostname/IP does not match certificate's altnames: Host: apis.data.go.kr. is not cert's CN: 27.101.208.130
[2025-10-01T11:08:10.029Z] [ERROR] getBuildingRecapInfo 실패: Hostname/IP does not match certificate's altnames: Host: apis.data.go.kr. is not cert's CN: 27.101.208.130
[2025-10-01T11:08:10.513Z] [INFO] ✅ 주택가격 성공: 동='', 호='지하B102', 가격=11200만원, 년도=2025
[2025-10-01T11:08:10.514Z] [INFO] ⚡ API 데이터 수집 완료 (2536ms)
[2025-10-01T11:08:10.514Z] [INFO] 총괄표제부 없음, 표제부 데이터 처리 중 (빌라, 다세대 등)
[2025-10-01T11:08:10.514Z] [INFO] 📊 최종 면적 정보: 전용=없음㎡, 공용=0㎡, 공급=없음㎡
[2025-10-01T11:08:10.514Z] [INFO] 📝 업데이트 예정 필드: 용도지역, 토지면적(㎡), 주택가격(만원), 주택가격기준년도, 대지지분(㎡)
[2025-10-01T11:08:11.214Z] [INFO] ✅ 에어테이블 업데이트 성공: rec5JWDcJe0qCnjbz (총 3236ms)
[2025-10-01T11:08:11.214Z] [INFO] ✅ 레코드 성공, 재시도 이력 삭제: rec5JWDcJe0qCnjbz
[2025-10-01T11:08:11.214Z] [INFO] 
🎉 작업 완료!
[2025-10-01T11:08:11.214Z] [INFO] 📊 처리 결과: 1개 중 1개 성공, 0개 실패, 0개 건너뜀
[2025-10-01T11:08:11.214Z] [INFO] 📈 성공률: 100.0%
[2025-10-01T11:09:01.901Z] [INFO] 🎯 처리할 집합건물 레코드 발견, 작업 실행 중...
[2025-10-01T11:09:01.901Z] [INFO] 🚀 집합건물 정보 수집 작업 시작...
[2025-10-01T11:09:02.752Z] [INFO] 📋 뷰에서 1개 레코드 발견
[2025-10-01T11:09:02.752Z] [INFO] ⏳ 직렬 처리 시작 (총 1개)...
[2025-10-01T11:09:02.752Z] [INFO] 
📍 [1/1] 처리 중: rec5JWDcJe0qCnjbz
[2025-10-01T11:09:02.752Z] [INFO] 🏗️ 레코드 처리 시작 (시도 1/5): rec5JWDcJe0qCnjbz - 관악구 봉천동 1689-8  지하B102호
[2025-10-01T11:09:07.836Z] [INFO] 📍 생성된 PNU: 1162010100116890008
[2025-10-01T11:09:07.836Z] [INFO] 📡 API 데이터 수집 시작 (병렬 처리)...
[2025-10-01T11:09:07.836Z] [INFO] 🌍 VWorld 토지특성 정보 조회 시작 - PNU: 1162010100116890008
[2025-10-01T11:09:07.836Z] [INFO] 🌍 VWorld 대지지분 정보 조회 시작 - PNU: 1162010100116890008, 동: , 호: 지하B102호
[2025-10-01T11:09:07.836Z] [INFO] 대지지분 시도: 동='', 호='지하B102호'
[2025-10-01T11:09:07.837Z] [INFO] 🏠 VWorld 주택가격 정보 조회 시작 - PNU: 1162010100116890008, 동: , 호: 지하B102호
[2025-10-01T11:09:07.837Z] [INFO] 주택가격 시도: 동='', 호='지하B102호'
[2025-10-01T11:09:08.638Z] [INFO] 🏢 면적 정보 조회 시작 - 원본 동/호: 동='', 호='지하B102호'
[2025-10-01T11:09:08.672Z] [INFO] 대지지분 시도: 동='', 호='102'
[2025-10-01T11:09:08.676Z] [INFO] ✅ VWorld 토지특성 성공 - 용도지역: 제2종일반주거지역, 토지면적: 119.7
[2025-10-01T11:09:08.691Z] [ERROR] getBuildingTitleInfo 실패: Hostname/IP does not match certificate's altnames: Host: apis.data.go.kr. is not cert's CN: 27.101.208.130
[2025-10-01T11:09:08.692Z] [INFO] 주택가격 시도: 동='', 호='102'
[2025-10-01T11:09:08.723Z] [ERROR] getBuildingRecapInfo 실패: Hostname/IP does not match certificate's altnames: Host: apis.data.go.kr. is not cert's CN: 27.101.208.130
[2025-10-01T11:09:08.727Z] [ERROR] getBuildingAreaInfo 실패: Hostname/IP does not match certificate's altnames: Host: apis.data.go.kr. is not cert's CN: 27.101.208.130
[2025-10-01T11:09:08.729Z] [ERROR] getBuildingExposInfo 실패: Hostname/IP does not match certificate's altnames: Host: apis.data.go.kr. is not cert's CN: 27.101.208.130
[2025-10-01T11:09:09.507Z] [INFO] ✅ 대지지분 성공: 동='', 호='102', 지분=33.125
[2025-10-01T11:09:09.524Z] [INFO] 주택가격 시도: 동='', 호='지하B102'
[2025-10-01T11:09:10.362Z] [INFO] ✅ 주택가격 성공: 동='', 호='지하B102', 가격=11200만원, 년도=2025
[2025-10-01T11:09:10.362Z] [INFO] ⚡ API 데이터 수집 완료 (2526ms)
[2025-10-01T11:09:10.362Z] [INFO] 총괄표제부 없음, 표제부 데이터 처리 중 (빌라, 다세대 등)
[2025-10-01T11:09:10.362Z] [INFO] 📊 최종 면적 정보: 전용=없음㎡, 공용=0㎡, 공급=없음㎡
[2025-10-01T11:09:10.362Z] [INFO] 📝 업데이트 예정 필드: 용도지역, 토지면적(㎡), 주택가격(만원), 주택가격기준년도, 대지지분(㎡)
[2025-10-01T11:09:11.205Z] [INFO] ✅ 에어테이블 업데이트 성공: rec5JWDcJe0qCnjbz (총 3369ms)
[2025-10-01T11:09:11.205Z] [INFO] ✅ 레코드 성공, 재시도 이력 삭제: rec5JWDcJe0qCnjbz
[2025-10-01T11:09:11.205Z] [INFO] 
🎉 작업 완료!
[2025-10-01T11:09:11.206Z] [INFO] 📊 처리 결과: 1개 중 1개 성공, 0개 실패, 0개 건너뜀
[2025-10-01T11:09:11.206Z] [INFO] 📈 성공률: 100.0%
[2025-10-01T11:10:01.991Z] [INFO] 🎯 처리할 집합건물 레코드 발견, 작업 실행 중...
[2025-10-01T11:10:01.991Z] [INFO] 🚀 집합건물 정보 수집 작업 시작...
[2025-10-01T11:10:02.758Z] [INFO] 📋 뷰에서 1개 레코드 발견
[2025-10-01T11:10:02.758Z] [INFO] ⏳ 직렬 처리 시작 (총 1개)...
[2025-10-01T11:10:02.758Z] [INFO] 
📍 [1/1] 처리 중: rec5JWDcJe0qCnjbz
[2025-10-01T11:10:02.758Z] [INFO] 🏗️ 레코드 처리 시작 (시도 1/5): rec5JWDcJe0qCnjbz - 관악구 봉천동 1689-8  지하B102호
[2025-10-01T11:10:07.424Z] [INFO] 📍 생성된 PNU: 1162010100116890008
[2025-10-01T11:10:07.424Z] [INFO] 📡 API 데이터 수집 시작 (병렬 처리)...
[2025-10-01T11:10:07.424Z] [INFO] 🌍 VWorld 토지특성 정보 조회 시작 - PNU: 1162010100116890008
[2025-10-01T11:10:07.425Z] [INFO] 🌍 VWorld 대지지분 정보 조회 시작 - PNU: 1162010100116890008, 동: , 호: 지하B102호
[2025-10-01T11:10:07.425Z] [INFO] 대지지분 시도: 동='', 호='지하B102호'
[2025-10-01T11:10:07.425Z] [INFO] 🏠 VWorld 주택가격 정보 조회 시작 - PNU: 1162010100116890008, 동: , 호: 지하B102호
[2025-10-01T11:10:07.425Z] [INFO] 주택가격 시도: 동='', 호='지하B102호'
[2025-10-01T11:10:08.227Z] [INFO] 🏢 면적 정보 조회 시작 - 원본 동/호: 동='', 호='지하B102호'
[2025-10-01T11:10:08.267Z] [INFO] ✅ VWorld 토지특성 성공 - 용도지역: 제2종일반주거지역, 토지면적: 119.7
[2025-10-01T11:10:08.268Z] [INFO] 주택가격 시도: 동='', 호='102'
[2025-10-01T11:10:08.268Z] [INFO] 대지지분 시도: 동='', 호='102'
[2025-10-01T11:10:08.319Z] [ERROR] getBuildingAreaInfo 실패: Hostname/IP does not match certificate's altnames: Host: apis.data.go.kr. is not cert's CN: 27.101.208.130
[2025-10-01T11:10:08.327Z] [ERROR] getBuildingRecapInfo 실패: Hostname/IP does not match certificate's altnames: Host: apis.data.go.kr. is not cert's CN: 27.101.208.130
[2025-10-01T11:10:08.359Z] [ERROR] getBuildingTitleInfo 실패: Hostname/IP does not match certificate's altnames: Host: apis.data.go.kr. is not cert's CN: 27.101.208.130
[2025-10-01T11:10:08.361Z] [ERROR] getBuildingExposInfo 실패: Hostname/IP does not match certificate's altnames: Host: apis.data.go.kr. is not cert's CN: 27.101.208.130
[2025-10-01T11:10:09.099Z] [INFO] 주택가격 시도: 동='', 호='지하B102'
[2025-10-01T11:10:09.300Z] [INFO] ✅ 대지지분 성공: 동='', 호='102', 지분=33.125
[2025-10-01T11:10:09.948Z] [INFO] ✅ 주택가격 성공: 동='', 호='지하B102', 가격=11200만원, 년도=2025
[2025-10-01T11:10:09.948Z] [INFO] ⚡ API 데이터 수집 완료 (2524ms)
[2025-10-01T11:10:09.948Z] [INFO] 총괄표제부 없음, 표제부 데이터 처리 중 (빌라, 다세대 등)
[2025-10-01T11:10:09.948Z] [INFO] 📊 최종 면적 정보: 전용=없음㎡, 공용=0㎡, 공급=없음㎡
[2025-10-01T11:10:09.948Z] [INFO] 📝 업데이트 예정 필드: 용도지역, 토지면적(㎡), 주택가격(만원), 주택가격기준년도, 대지지분(㎡)
[2025-10-01T11:10:10.828Z] [INFO] ✅ 에어테이블 업데이트 성공: rec5JWDcJe0qCnjbz (총 3404ms)
[2025-10-01T11:10:10.828Z] [INFO] ✅ 레코드 성공, 재시도 이력 삭제: rec5JWDcJe0qCnjbz
[2025-10-01T11:10:10.828Z] [INFO] 
🎉 작업 완료!
[2025-10-01T11:10:10.828Z] [INFO] 📊 처리 결과: 1개 중 1개 성공, 0개 실패, 0개 건너뜀
[2025-10-01T11:10:10.828Z] [INFO] 📈 성공률: 100.0%
[2025-10-01T11:11:00.894Z] [INFO] 🎯 처리할 집합건물 레코드 발견, 작업 실행 중...
[2025-10-01T11:11:00.895Z] [INFO] 🚀 집합건물 정보 수집 작업 시작...
[2025-10-01T11:11:01.795Z] [INFO] 📋 뷰에서 1개 레코드 발견
[2025-10-01T11:11:01.795Z] [INFO] ⏳ 직렬 처리 시작 (총 1개)...
[2025-10-01T11:11:01.795Z] [INFO] 
📍 [1/1] 처리 중: rec5JWDcJe0qCnjbz
[2025-10-01T11:11:01.795Z] [INFO] 🏗️ 레코드 처리 시작 (시도 1/5): rec5JWDcJe0qCnjbz - 관악구 봉천동 1689-8  지하B102호
[2025-10-01T11:11:07.777Z] [INFO] 📍 생성된 PNU: 1162010100116890008
[2025-10-01T11:11:07.777Z] [INFO] 📡 API 데이터 수집 시작 (병렬 처리)...
[2025-10-01T11:11:07.778Z] [INFO] 🌍 VWorld 토지특성 정보 조회 시작 - PNU: 1162010100116890008
[2025-10-01T11:11:07.778Z] [INFO] 🌍 VWorld 대지지분 정보 조회 시작 - PNU: 1162010100116890008, 동: , 호: 지하B102호
[2025-10-01T11:11:07.778Z] [INFO] 대지지분 시도: 동='', 호='지하B102호'
[2025-10-01T11:11:07.778Z] [INFO] 🏠 VWorld 주택가격 정보 조회 시작 - PNU: 1162010100116890008, 동: , 호: 지하B102호
[2025-10-01T11:11:07.778Z] [INFO] 주택가격 시도: 동='', 호='지하B102호'
[2025-10-01T11:11:08.579Z] [INFO] 🏢 면적 정보 조회 시작 - 원본 동/호: 동='', 호='지하B102호'
[2025-10-01T11:11:08.620Z] [INFO] 대지지분 시도: 동='', 호='102'
[2025-10-01T11:11:08.623Z] [INFO] 주택가격 시도: 동='', 호='102'
[2025-10-01T11:11:08.629Z] [ERROR] getBuildingAreaInfo 실패: Hostname/IP does not match certificate's altnames: Host: apis.data.go.kr. is not cert's CN: 27.101.208.130
[2025-10-01T11:11:08.632Z] [ERROR] getBuildingRecapInfo 실패: Hostname/IP does not match certificate's altnames: Host: apis.data.go.kr. is not cert's CN: 27.101.208.130
[2025-10-01T11:11:08.633Z] [ERROR] getBuildingTitleInfo 실패: Hostname/IP does not match certificate's altnames: Host: apis.data.go.kr. is not cert's CN: 27.101.208.130
[2025-10-01T11:11:08.635Z] [ERROR] getBuildingExposInfo 실패: Hostname/IP does not match certificate's altnames: Host: apis.data.go.kr. is not cert's CN: 27.101.208.130
[2025-10-01T11:11:08.640Z] [INFO] ✅ VWorld 토지특성 성공 - 용도지역: 제2종일반주거지역, 토지면적: 119.7
[2025-10-01T11:11:09.450Z] [INFO] ✅ 대지지분 성공: 동='', 호='102', 지분=33.125
[2025-10-01T11:11:09.506Z] [INFO] 주택가격 시도: 동='', 호='지하B102'
[2025-10-01T11:11:10.335Z] [INFO] ✅ 주택가격 성공: 동='', 호='지하B102', 가격=11200만원, 년도=2025
[2025-10-01T11:11:10.335Z] [INFO] ⚡ API 데이터 수집 완료 (2558ms)
[2025-10-01T11:11:10.335Z] [INFO] 총괄표제부 없음, 표제부 데이터 처리 중 (빌라, 다세대 등)
[2025-10-01T11:11:10.335Z] [INFO] 📊 최종 면적 정보: 전용=없음㎡, 공용=0㎡, 공급=없음㎡
[2025-10-01T11:11:10.335Z] [INFO] 📝 업데이트 예정 필드: 용도지역, 토지면적(㎡), 주택가격(만원), 주택가격기준년도, 대지지분(㎡)
[2025-10-01T11:11:11.063Z] [INFO] ✅ 에어테이블 업데이트 성공: rec5JWDcJe0qCnjbz (총 3286ms)
[2025-10-01T11:11:11.063Z] [INFO] ✅ 레코드 성공, 재시도 이력 삭제: rec5JWDcJe0qCnjbz
[2025-10-01T11:11:11.063Z] [INFO] 
🎉 작업 완료!
[2025-10-01T11:11:11.063Z] [INFO] 📊 처리 결과: 1개 중 1개 성공, 0개 실패, 0개 건너뜀
[2025-10-01T11:11:11.063Z] [INFO] 📈 성공률: 100.0%
[2025-10-01T11:12:01.026Z] [INFO] 🎯 처리할 집합건물 레코드 발견, 작업 실행 중...
[2025-10-01T11:12:01.027Z] [INFO] 🚀 집합건물 정보 수집 작업 시작...
[2025-10-01T11:12:01.822Z] [INFO] 📋 뷰에서 1개 레코드 발견
[2025-10-01T11:12:01.822Z] [INFO] ⏳ 직렬 처리 시작 (총 1개)...
[2025-10-01T11:12:01.823Z] [INFO] 
📍 [1/1] 처리 중: rec5JWDcJe0qCnjbz
[2025-10-01T11:12:01.823Z] [INFO] 🏗️ 레코드 처리 시작 (시도 1/5): rec5JWDcJe0qCnjbz - 관악구 봉천동 1689-8  지하B102호
[2025-10-01T11:12:06.892Z] [INFO] 📍 생성된 PNU: 1162010100116890008
[2025-10-01T11:12:06.893Z] [INFO] 📡 API 데이터 수집 시작 (병렬 처리)...
[2025-10-01T11:12:06.893Z] [INFO] 🌍 VWorld 토지특성 정보 조회 시작 - PNU: 1162010100116890008
[2025-10-01T11:12:06.893Z] [INFO] 🌍 VWorld 대지지분 정보 조회 시작 - PNU: 1162010100116890008, 동: , 호: 지하B102호
[2025-10-01T11:12:06.893Z] [INFO] 대지지분 시도: 동='', 호='지하B102호'
[2025-10-01T11:12:06.893Z] [INFO] 🏠 VWorld 주택가격 정보 조회 시작 - PNU: 1162010100116890008, 동: , 호: 지하B102호
[2025-10-01T11:12:06.893Z] [INFO] 주택가격 시도: 동='', 호='지하B102호'
[2025-10-01T11:12:07.695Z] [INFO] 🏢 면적 정보 조회 시작 - 원본 동/호: 동='', 호='지하B102호'
[2025-10-01T11:12:07.740Z] [INFO] ✅ VWorld 토지특성 성공 - 용도지역: 제2종일반주거지역, 토지면적: 119.7
[2025-10-01T11:12:07.743Z] [INFO] 대지지분 시도: 동='', 호='102'
[2025-10-01T11:12:07.749Z] [INFO] 주택가격 시도: 동='', 호='102'
[2025-10-01T11:12:08.579Z] [INFO] ✅ 대지지분 성공: 동='', 호='102', 지분=33.125
[2025-10-01T11:12:08.581Z] [INFO] 주택가격 시도: 동='', 호='지하B102'
[2025-10-01T11:12:08.744Z] [ERROR] getBuildingExposInfo 실패: Hostname/IP does not match certificate's altnames: Host: apis.data.go.kr. is not cert's CN: 27.101.208.130
[2025-10-01T11:12:08.746Z] [ERROR] getBuildingTitleInfo 실패: Hostname/IP does not match certificate's altnames: Host: apis.data.go.kr. is not cert's CN: 27.101.208.130
[2025-10-01T11:12:08.749Z] [ERROR] getBuildingAreaInfo 실패: Hostname/IP does not match certificate's altnames: Host: apis.data.go.kr. is not cert's CN: 27.101.208.130
[2025-10-01T11:12:08.751Z] [ERROR] getBuildingRecapInfo 실패: Hostname/IP does not match certificate's altnames: Host: apis.data.go.kr. is not cert's CN: 27.101.208.130
[2025-10-01T11:12:09.419Z] [INFO] ✅ 주택가격 성공: 동='', 호='지하B102', 가격=11200만원, 년도=2025
[2025-10-01T11:12:09.419Z] [INFO] ⚡ API 데이터 수집 완료 (2526ms)
[2025-10-01T11:12:09.419Z] [INFO] 총괄표제부 없음, 표제부 데이터 처리 중 (빌라, 다세대 등)
[2025-10-01T11:12:09.420Z] [INFO] 📊 최종 면적 정보: 전용=없음㎡, 공용=0㎡, 공급=없음㎡
[2025-10-01T11:12:09.420Z] [INFO] 📝 업데이트 예정 필드: 용도지역, 토지면적(㎡), 주택가격(만원), 주택가격기준년도, 대지지분(㎡)
[2025-10-01T11:12:10.294Z] [INFO] ✅ 에어테이블 업데이트 성공: rec5JWDcJe0qCnjbz (총 3401ms)
[2025-10-01T11:12:10.295Z] [INFO] ✅ 레코드 성공, 재시도 이력 삭제: rec5JWDcJe0qCnjbz
[2025-10-01T11:12:10.295Z] [INFO] 
🎉 작업 완료!
[2025-10-01T11:12:10.295Z] [INFO] 📊 처리 결과: 1개 중 1개 성공, 0개 실패, 0개 건너뜀
[2025-10-01T11:12:10.295Z] [INFO] 📈 성공률: 100.0%
[2025-10-01T11:13:00.915Z] [INFO] 🎯 처리할 집합건물 레코드 발견, 작업 실행 중...
[2025-10-01T11:13:00.915Z] [INFO] 🚀 집합건물 정보 수집 작업 시작...
[2025-10-01T11:13:01.545Z] [INFO] 📋 뷰에서 1개 레코드 발견
[2025-10-01T11:13:01.545Z] [INFO] ⏳ 직렬 처리 시작 (총 1개)...
[2025-10-01T11:13:01.545Z] [INFO] 
📍 [1/1] 처리 중: rec5JWDcJe0qCnjbz
[2025-10-01T11:13:01.545Z] [INFO] 🏗️ 레코드 처리 시작 (시도 1/5): rec5JWDcJe0qCnjbz - 관악구 봉천동 1689-8  지하B102호
[2025-10-01T11:13:07.161Z] [INFO] 📍 생성된 PNU: 1162010100116890008
[2025-10-01T11:13:07.161Z] [INFO] 📡 API 데이터 수집 시작 (병렬 처리)...
[2025-10-01T11:13:07.161Z] [INFO] 🌍 VWorld 토지특성 정보 조회 시작 - PNU: 1162010100116890008
[2025-10-01T11:13:07.161Z] [INFO] 🌍 VWorld 대지지분 정보 조회 시작 - PNU: 1162010100116890008, 동: , 호: 지하B102호
[2025-10-01T11:13:07.161Z] [INFO] 대지지분 시도: 동='', 호='지하B102호'
[2025-10-01T11:13:07.161Z] [INFO] 🏠 VWorld 주택가격 정보 조회 시작 - PNU: 1162010100116890008, 동: , 호: 지하B102호
[2025-10-01T11:13:07.161Z] [INFO] 주택가격 시도: 동='', 호='지하B102호'
[2025-10-01T11:13:07.964Z] [INFO] 🏢 면적 정보 조회 시작 - 원본 동/호: 동='', 호='지하B102호'
[2025-10-01T11:13:07.988Z] [ERROR] getBuildingRecapInfo 실패: Hostname/IP does not match certificate's altnames: Host: apis.data.go.kr. is not cert's CN: 27.101.208.130
[2025-10-01T11:13:07.998Z] [INFO] 대지지분 시도: 동='', 호='102'
[2025-10-01T11:13:08.001Z] [INFO] 주택가격 시도: 동='', 호='102'
[2025-10-01T11:13:08.003Z] [INFO] ✅ VWorld 토지특성 성공 - 용도지역: 제2종일반주거지역, 토지면적: 119.7
[2025-10-01T11:13:08.012Z] [ERROR] getBuildingExposInfo 실패: Hostname/IP does not match certificate's altnames: Host: apis.data.go.kr. is not cert's CN: 27.101.208.130
[2025-10-01T11:13:08.014Z] [ERROR] getBuildingTitleInfo 실패: Hostname/IP does not match certificate's altnames: Host: apis.data.go.kr. is not cert's CN: 27.101.208.130
[2025-10-01T11:13:08.025Z] [ERROR] getBuildingAreaInfo 실패: Hostname/IP does not match certificate's altnames: Host: apis.data.go.kr. is not cert's CN: 27.101.208.130
[2025-10-01T11:13:08.834Z] [INFO] ✅ 대지지분 성공: 동='', 호='102', 지분=33.125
[2025-10-01T11:13:08.837Z] [INFO] 주택가격 시도: 동='', 호='지하B102'
[2025-10-01T11:13:09.669Z] [INFO] ✅ 주택가격 성공: 동='', 호='지하B102', 가격=11200만원, 년도=2025
[2025-10-01T11:13:09.669Z] [INFO] ⚡ API 데이터 수집 완료 (2508ms)
[2025-10-01T11:13:09.669Z] [INFO] 총괄표제부 없음, 표제부 데이터 처리 중 (빌라, 다세대 등)
[2025-10-01T11:13:09.669Z] [INFO] 📊 최종 면적 정보: 전용=없음㎡, 공용=0㎡, 공급=없음㎡
[2025-10-01T11:13:09.669Z] [INFO] 📝 업데이트 예정 필드: 용도지역, 토지면적(㎡), 주택가격(만원), 주택가격기준년도, 대지지분(㎡)
[2025-10-01T11:13:10.635Z] [INFO] ✅ 에어테이블 업데이트 성공: rec5JWDcJe0qCnjbz (총 3474ms)
[2025-10-01T11:13:10.635Z] [INFO] ✅ 레코드 성공, 재시도 이력 삭제: rec5JWDcJe0qCnjbz
[2025-10-01T11:13:10.635Z] [INFO] 
🎉 작업 완료!
[2025-10-01T11:13:10.635Z] [INFO] 📊 처리 결과: 1개 중 1개 성공, 0개 실패, 0개 건너뜀
[2025-10-01T11:13:10.635Z] [INFO] 📈 성공률: 100.0%
[2025-10-01T11:14:00.937Z] [INFO] 🎯 처리할 집합건물 레코드 발견, 작업 실행 중...
[2025-10-01T11:14:00.937Z] [INFO] 🚀 집합건물 정보 수집 작업 시작...
[2025-10-01T11:14:01.853Z] [INFO] 📋 뷰에서 1개 레코드 발견
[2025-10-01T11:14:01.853Z] [INFO] ⏳ 직렬 처리 시작 (총 1개)...
[2025-10-01T11:14:01.853Z] [INFO] 
📍 [1/1] 처리 중: rec5JWDcJe0qCnjbz
[2025-10-01T11:14:01.853Z] [INFO] 🏗️ 레코드 처리 시작 (시도 1/5): rec5JWDcJe0qCnjbz - 관악구 봉천동 1689-8  지하B102호
[2025-10-01T11:14:06.961Z] [INFO] 📍 생성된 PNU: 1162010100116890008
[2025-10-01T11:14:06.961Z] [INFO] 📡 API 데이터 수집 시작 (병렬 처리)...
[2025-10-01T11:14:06.962Z] [INFO] 🌍 VWorld 토지특성 정보 조회 시작 - PNU: 1162010100116890008
[2025-10-01T11:14:06.962Z] [INFO] 🌍 VWorld 대지지분 정보 조회 시작 - PNU: 1162010100116890008, 동: , 호: 지하B102호
[2025-10-01T11:14:06.962Z] [INFO] 대지지분 시도: 동='', 호='지하B102호'
[2025-10-01T11:14:06.962Z] [INFO] 🏠 VWorld 주택가격 정보 조회 시작 - PNU: 1162010100116890008, 동: , 호: 지하B102호
[2025-10-01T11:14:06.962Z] [INFO] 주택가격 시도: 동='', 호='지하B102호'
[2025-10-01T11:14:07.765Z] [INFO] 🏢 면적 정보 조회 시작 - 원본 동/호: 동='', 호='지하B102호'
[2025-10-01T11:14:07.804Z] [INFO] 주택가격 시도: 동='', 호='102'
[2025-10-01T11:14:07.805Z] [INFO] 대지지분 시도: 동='', 호='102'
[2025-10-01T11:14:07.806Z] [INFO] ✅ VWorld 토지특성 성공 - 용도지역: 제2종일반주거지역, 토지면적: 119.7
[2025-10-01T11:14:07.826Z] [ERROR] getBuildingTitleInfo 실패: Hostname/IP does not match certificate's altnames: Host: apis.data.go.kr. is not cert's CN: 27.101.208.130
[2025-10-01T11:14:07.828Z] [ERROR] getBuildingRecapInfo 실패: Hostname/IP does not match certificate's altnames: Host: apis.data.go.kr. is not cert's CN: 27.101.208.130
[2025-10-01T11:14:07.829Z] [ERROR] getBuildingAreaInfo 실패: Hostname/IP does not match certificate's altnames: Host: apis.data.go.kr. is not cert's CN: 27.101.208.130
[2025-10-01T11:14:07.834Z] [ERROR] getBuildingExposInfo 실패: Hostname/IP does not match certificate's altnames: Host: apis.data.go.kr. is not cert's CN: 27.101.208.130
[2025-10-01T11:14:08.637Z] [INFO] 주택가격 시도: 동='', 호='지하B102'
[2025-10-01T11:14:08.639Z] [INFO] ✅ 대지지분 성공: 동='', 호='102', 지분=33.125
[2025-10-01T11:14:09.472Z] [INFO] ✅ 주택가격 성공: 동='', 호='지하B102', 가격=11200만원, 년도=2025
[2025-10-01T11:14:09.472Z] [INFO] ⚡ API 데이터 수집 완료 (2511ms)
[2025-10-01T11:14:09.472Z] [INFO] 총괄표제부 없음, 표제부 데이터 처리 중 (빌라, 다세대 등)
[2025-10-01T11:14:09.472Z] [INFO] 📊 최종 면적 정보: 전용=없음㎡, 공용=0㎡, 공급=없음㎡
[2025-10-01T11:14:09.472Z] [INFO] 📝 업데이트 예정 필드: 용도지역, 토지면적(㎡), 주택가격(만원), 주택가격기준년도, 대지지분(㎡)
[2025-10-01T11:14:10.330Z] [INFO] ✅ 에어테이블 업데이트 성공: rec5JWDcJe0qCnjbz (총 3369ms)
[2025-10-01T11:14:10.331Z] [INFO] ✅ 레코드 성공, 재시도 이력 삭제: rec5JWDcJe0qCnjbz
[2025-10-01T11:14:10.331Z] [INFO] 
🎉 작업 완료!
[2025-10-01T11:14:10.331Z] [INFO] 📊 처리 결과: 1개 중 1개 성공, 0개 실패, 0개 건너뜀
[2025-10-01T11:14:10.331Z] [INFO] 📈 성공률: 100.0%
[2025-10-01T11:15:01.036Z] [INFO] 🎯 처리할 집합건물 레코드 발견, 작업 실행 중...
[2025-10-01T11:15:01.036Z] [INFO] 🚀 집합건물 정보 수집 작업 시작...
[2025-10-01T11:15:01.837Z] [INFO] 📋 뷰에서 1개 레코드 발견
[2025-10-01T11:15:01.837Z] [INFO] ⏳ 직렬 처리 시작 (총 1개)...
[2025-10-01T11:15:01.837Z] [INFO] 
📍 [1/1] 처리 중: rec5JWDcJe0qCnjbz
[2025-10-01T11:15:01.837Z] [INFO] 🏗️ 레코드 처리 시작 (시도 1/5): rec5JWDcJe0qCnjbz - 관악구 봉천동 1689-8  지하B102호
[2025-10-01T11:15:07.086Z] [INFO] 📍 생성된 PNU: 1162010100116890008
[2025-10-01T11:15:07.086Z] [INFO] 📡 API 데이터 수집 시작 (병렬 처리)...
[2025-10-01T11:15:07.086Z] [INFO] 🌍 VWorld 토지특성 정보 조회 시작 - PNU: 1162010100116890008
[2025-10-01T11:15:07.086Z] [INFO] 🌍 VWorld 대지지분 정보 조회 시작 - PNU: 1162010100116890008, 동: , 호: 지하B102호
[2025-10-01T11:15:07.086Z] [INFO] 대지지분 시도: 동='', 호='지하B102호'
[2025-10-01T11:15:07.087Z] [INFO] 🏠 VWorld 주택가격 정보 조회 시작 - PNU: 1162010100116890008, 동: , 호: 지하B102호
[2025-10-01T11:15:07.087Z] [INFO] 주택가격 시도: 동='', 호='지하B102호'
[2025-10-01T11:15:07.888Z] [INFO] 🏢 면적 정보 조회 시작 - 원본 동/호: 동='', 호='지하B102호'
[2025-10-01T11:15:07.928Z] [INFO] ✅ VWorld 토지특성 성공 - 용도지역: 제2종일반주거지역, 토지면적: 119.7
[2025-10-01T11:15:07.928Z] [INFO] 대지지분 시도: 동='', 호='102'
[2025-10-01T11:15:07.938Z] [ERROR] getBuildingAreaInfo 실패: Hostname/IP does not match certificate's altnames: Host: apis.data.go.kr. is not cert's CN: 27.101.208.130
[2025-10-01T11:15:07.940Z] [ERROR] getBuildingTitleInfo 실패: Hostname/IP does not match certificate's altnames: Host: apis.data.go.kr. is not cert's CN: 27.101.208.130
[2025-10-01T11:15:07.941Z] [ERROR] getBuildingRecapInfo 실패: Hostname/IP does not match certificate's altnames: Host: apis.data.go.kr. is not cert's CN: 27.101.208.130
[2025-10-01T11:15:07.942Z] [INFO] 주택가격 시도: 동='', 호='102'
[2025-10-01T11:15:07.955Z] [ERROR] getBuildingExposInfo 실패: Hostname/IP does not match certificate's altnames: Host: apis.data.go.kr. is not cert's CN: 27.101.208.130
[2025-10-01T11:15:08.759Z] [INFO] ✅ 대지지분 성공: 동='', 호='102', 지분=33.125
[2025-10-01T11:15:08.789Z] [INFO] 주택가격 시도: 동='', 호='지하B102'
[2025-10-01T11:15:09.619Z] [INFO] ✅ 주택가격 성공: 동='', 호='지하B102', 가격=11200만원, 년도=2025
[2025-10-01T11:15:09.620Z] [INFO] ⚡ API 데이터 수집 완료 (2534ms)
[2025-10-01T11:15:09.620Z] [INFO] 총괄표제부 없음, 표제부 데이터 처리 중 (빌라, 다세대 등)
[2025-10-01T11:15:09.620Z] [INFO] 📊 최종 면적 정보: 전용=없음㎡, 공용=0㎡, 공급=없음㎡
[2025-10-01T11:15:09.620Z] [INFO] 📝 업데이트 예정 필드: 용도지역, 토지면적(㎡), 주택가격(만원), 주택가격기준년도, 대지지분(㎡)
[2025-10-01T11:15:10.471Z] [INFO] ✅ 에어테이블 업데이트 성공: rec5JWDcJe0qCnjbz (총 3385ms)
[2025-10-01T11:15:10.471Z] [INFO] ✅ 레코드 성공, 재시도 이력 삭제: rec5JWDcJe0qCnjbz
[2025-10-01T11:15:10.471Z] [INFO] 
🎉 작업 완료!
[2025-10-01T11:15:10.471Z] [INFO] 📊 처리 결과: 1개 중 1개 성공, 0개 실패, 0개 건너뜀
[2025-10-01T11:15:10.471Z] [INFO] 📈 성공률: 100.0%
[2025-10-01T11:16:01.085Z] [INFO] 🎯 처리할 집합건물 레코드 발견, 작업 실행 중...
[2025-10-01T11:16:01.085Z] [INFO] 🚀 집합건물 정보 수집 작업 시작...
[2025-10-01T11:16:01.712Z] [INFO] 📋 뷰에서 1개 레코드 발견
[2025-10-01T11:16:01.713Z] [INFO] ⏳ 직렬 처리 시작 (총 1개)...
[2025-10-01T11:16:01.713Z] [INFO] 
📍 [1/1] 처리 중: rec5JWDcJe0qCnjbz
[2025-10-01T11:16:01.713Z] [INFO] 🏗️ 레코드 처리 시작 (시도 1/5): rec5JWDcJe0qCnjbz - 관악구 봉천동 1689-8  지하B102호
[2025-10-01T11:16:07.269Z] [INFO] 📍 생성된 PNU: 1162010100116890008
[2025-10-01T11:16:07.270Z] [INFO] 📡 API 데이터 수집 시작 (병렬 처리)...
[2025-10-01T11:16:07.270Z] [INFO] 🌍 VWorld 토지특성 정보 조회 시작 - PNU: 1162010100116890008
[2025-10-01T11:16:07.270Z] [INFO] 🌍 VWorld 대지지분 정보 조회 시작 - PNU: 1162010100116890008, 동: , 호: 지하B102호
[2025-10-01T11:16:07.270Z] [INFO] 대지지분 시도: 동='', 호='지하B102호'
[2025-10-01T11:16:07.270Z] [INFO] 🏠 VWorld 주택가격 정보 조회 시작 - PNU: 1162010100116890008, 동: , 호: 지하B102호
[2025-10-01T11:16:07.270Z] [INFO] 주택가격 시도: 동='', 호='지하B102호'
[2025-10-01T11:16:08.073Z] [INFO] 🏢 면적 정보 조회 시작 - 원본 동/호: 동='', 호='지하B102호'
[2025-10-01T11:16:08.109Z] [INFO] ✅ VWorld 토지특성 성공 - 용도지역: 제2종일반주거지역, 토지면적: 119.7
[2025-10-01T11:16:08.109Z] [INFO] 대지지분 시도: 동='', 호='102'
[2025-10-01T11:16:08.116Z] [INFO] 주택가격 시도: 동='', 호='102'
[2025-10-01T11:16:08.120Z] [ERROR] getBuildingTitleInfo 실패: Hostname/IP does not match certificate's altnames: Host: apis.data.go.kr. is not cert's CN: 27.101.208.130
[2025-10-01T11:16:08.122Z] [ERROR] getBuildingAreaInfo 실패: Hostname/IP does not match certificate's altnames: Host: apis.data.go.kr. is not cert's CN: 27.101.208.130
[2025-10-01T11:16:08.123Z] [ERROR] getBuildingExposInfo 실패: Hostname/IP does not match certificate's altnames: Host: apis.data.go.kr. is not cert's CN: 27.101.208.130
[2025-10-01T11:16:08.125Z] [ERROR] getBuildingRecapInfo 실패: Hostname/IP does not match certificate's altnames: Host: apis.data.go.kr. is not cert's CN: 27.101.208.130
[2025-10-01T11:16:08.941Z] [INFO] ✅ 대지지분 성공: 동='', 호='102', 지분=33.125
[2025-10-01T11:16:08.952Z] [INFO] 주택가격 시도: 동='', 호='지하B102'
[2025-10-01T11:16:09.787Z] [INFO] ✅ 주택가격 성공: 동='', 호='지하B102', 가격=11200만원, 년도=2025
[2025-10-01T11:16:09.787Z] [INFO] ⚡ API 데이터 수집 완료 (2517ms)
[2025-10-01T11:16:09.788Z] [INFO] 총괄표제부 없음, 표제부 데이터 처리 중 (빌라, 다세대 등)
[2025-10-01T11:16:09.788Z] [INFO] 📊 최종 면적 정보: 전용=없음㎡, 공용=0㎡, 공급=없음㎡
[2025-10-01T11:16:09.788Z] [INFO] 📝 업데이트 예정 필드: 용도지역, 토지면적(㎡), 주택가격(만원), 주택가격기준년도, 대지지분(㎡)
[2025-10-01T11:16:10.593Z] [INFO] ✅ 에어테이블 업데이트 성공: rec5JWDcJe0qCnjbz (총 3323ms)
[2025-10-01T11:16:10.593Z] [INFO] ✅ 레코드 성공, 재시도 이력 삭제: rec5JWDcJe0qCnjbz
[2025-10-01T11:16:10.593Z] [INFO] 
🎉 작업 완료!
[2025-10-01T11:16:10.593Z] [INFO] 📊 처리 결과: 1개 중 1개 성공, 0개 실패, 0개 건너뜀
[2025-10-01T11:16:10.593Z] [INFO] 📈 성공률: 100.0%
[2025-10-01T11:17:00.965Z] [INFO] 🎯 처리할 집합건물 레코드 발견, 작업 실행 중...
[2025-10-01T11:17:00.965Z] [INFO] 🚀 집합건물 정보 수집 작업 시작...
[2025-10-01T11:17:01.768Z] [INFO] 📋 뷰에서 1개 레코드 발견
[2025-10-01T11:17:01.768Z] [INFO] ⏳ 직렬 처리 시작 (총 1개)...
[2025-10-01T11:17:01.768Z] [INFO] 
📍 [1/1] 처리 중: rec5JWDcJe0qCnjbz
[2025-10-01T11:17:01.768Z] [INFO] 🏗️ 레코드 처리 시작 (시도 1/5): rec5JWDcJe0qCnjbz - 관악구 봉천동 1689-8  지하B102호
[2025-10-01T11:17:05.519Z] [INFO] 📍 생성된 PNU: 1162010100116890008
[2025-10-01T11:17:05.519Z] [INFO] 📡 API 데이터 수집 시작 (병렬 처리)...
[2025-10-01T11:17:05.519Z] [INFO] 🌍 VWorld 토지특성 정보 조회 시작 - PNU: 1162010100116890008
[2025-10-01T11:17:05.519Z] [INFO] 🌍 VWorld 대지지분 정보 조회 시작 - PNU: 1162010100116890008, 동: , 호: 지하B102호
[2025-10-01T11:17:05.519Z] [INFO] 대지지분 시도: 동='', 호='지하B102호'
[2025-10-01T11:17:05.519Z] [INFO] 🏠 VWorld 주택가격 정보 조회 시작 - PNU: 1162010100116890008, 동: , 호: 지하B102호
[2025-10-01T11:17:05.519Z] [INFO] 주택가격 시도: 동='', 호='지하B102호'
[2025-10-01T11:17:06.321Z] [INFO] 🏢 면적 정보 조회 시작 - 원본 동/호: 동='', 호='지하B102호'
[2025-10-01T11:17:06.358Z] [INFO] ✅ VWorld 토지특성 성공 - 용도지역: 제2종일반주거지역, 토지면적: 119.7
[2025-10-01T11:17:06.361Z] [ERROR] getBuildingRecapInfo 실패: Hostname/IP does not match certificate's altnames: Host: apis.data.go.kr. is not cert's CN: 27.101.208.130
[2025-10-01T11:17:06.364Z] [INFO] 주택가격 시도: 동='', 호='102'
[2025-10-01T11:17:06.379Z] [ERROR] getBuildingTitleInfo 실패: Hostname/IP does not match certificate's altnames: Host: apis.data.go.kr. is not cert's CN: 27.101.208.130
[2025-10-01T11:17:06.382Z] [ERROR] getBuildingExposInfo 실패: Hostname/IP does not match certificate's altnames: Host: apis.data.go.kr. is not cert's CN: 27.101.208.130
[2025-10-01T11:17:06.416Z] [ERROR] getBuildingAreaInfo 실패: read ECONNRESET
[2025-10-01T11:17:06.599Z] [INFO] 대지지분 시도: 동='', 호='102'
[2025-10-01T11:17:07.198Z] [INFO] 주택가격 시도: 동='', 호='지하B102'
[2025-10-01T11:17:07.447Z] [INFO] ✅ 대지지분 성공: 동='', 호='102', 지분=33.125
[2025-10-01T11:17:08.031Z] [INFO] ✅ 주택가격 성공: 동='', 호='지하B102', 가격=11200만원, 년도=2025
[2025-10-01T11:17:08.031Z] [INFO] ⚡ API 데이터 수집 완료 (2512ms)
[2025-10-01T11:17:08.031Z] [INFO] 총괄표제부 없음, 표제부 데이터 처리 중 (빌라, 다세대 등)
[2025-10-01T11:17:08.031Z] [INFO] 📊 최종 면적 정보: 전용=없음㎡, 공용=0㎡, 공급=없음㎡
[2025-10-01T11:17:08.031Z] [INFO] 📝 업데이트 예정 필드: 용도지역, 토지면적(㎡), 주택가격(만원), 주택가격기준년도, 대지지분(㎡)
[2025-10-01T11:17:08.909Z] [INFO] ✅ 에어테이블 업데이트 성공: rec5JWDcJe0qCnjbz (총 3390ms)
[2025-10-01T11:17:08.909Z] [INFO] ✅ 레코드 성공, 재시도 이력 삭제: rec5JWDcJe0qCnjbz
[2025-10-01T11:17:08.909Z] [INFO] 
🎉 작업 완료!
[2025-10-01T11:17:08.909Z] [INFO] 📊 처리 결과: 1개 중 1개 성공, 0개 실패, 0개 건너뜀
[2025-10-01T11:17:08.909Z] [INFO] 📈 성공률: 100.0%
[2025-10-01T11:18:01.063Z] [INFO] 🎯 처리할 집합건물 레코드 발견, 작업 실행 중...
[2025-10-01T11:18:01.063Z] [INFO] 🚀 집합건물 정보 수집 작업 시작...
[2025-10-01T11:18:01.842Z] [INFO] 📋 뷰에서 1개 레코드 발견
[2025-10-01T11:18:01.842Z] [INFO] ⏳ 직렬 처리 시작 (총 1개)...
[2025-10-01T11:18:01.842Z] [INFO] 
📍 [1/1] 처리 중: rec5JWDcJe0qCnjbz
[2025-10-01T11:18:01.842Z] [INFO] 🏗️ 레코드 처리 시작 (시도 1/5): rec5JWDcJe0qCnjbz - 관악구 봉천동 1689-8  지하B102호
[2025-10-01T11:18:05.715Z] [INFO] 📍 생성된 PNU: 1162010100116890008
[2025-10-01T11:18:05.715Z] [INFO] 📡 API 데이터 수집 시작 (병렬 처리)...
[2025-10-01T11:18:05.716Z] [INFO] 🌍 VWorld 토지특성 정보 조회 시작 - PNU: 1162010100116890008
[2025-10-01T11:18:05.716Z] [INFO] 🌍 VWorld 대지지분 정보 조회 시작 - PNU: 1162010100116890008, 동: , 호: 지하B102호
[2025-10-01T11:18:05.716Z] [INFO] 대지지분 시도: 동='', 호='지하B102호'
[2025-10-01T11:18:05.716Z] [INFO] 🏠 VWorld 주택가격 정보 조회 시작 - PNU: 1162010100116890008, 동: , 호: 지하B102호
[2025-10-01T11:18:05.716Z] [INFO] 주택가격 시도: 동='', 호='지하B102호'
[2025-10-01T11:18:06.517Z] [INFO] 🏢 면적 정보 조회 시작 - 원본 동/호: 동='', 호='지하B102호'
[2025-10-01T11:18:06.556Z] [INFO] ✅ VWorld 토지특성 성공 - 용도지역: 제2종일반주거지역, 토지면적: 119.7
[2025-10-01T11:18:06.557Z] [INFO] 대지지분 시도: 동='', 호='102'
[2025-10-01T11:18:06.558Z] [INFO] 주택가격 시도: 동='', 호='102'
[2025-10-01T11:18:06.579Z] [ERROR] getBuildingTitleInfo 실패: Hostname/IP does not match certificate's altnames: Host: apis.data.go.kr. is not cert's CN: 27.101.208.130
[2025-10-01T11:18:06.581Z] [ERROR] getBuildingAreaInfo 실패: Hostname/IP does not match certificate's altnames: Host: apis.data.go.kr. is not cert's CN: 27.101.208.130
[2025-10-01T11:18:06.583Z] [ERROR] getBuildingRecapInfo 실패: Hostname/IP does not match certificate's altnames: Host: apis.data.go.kr. is not cert's CN: 27.101.208.130
[2025-10-01T11:18:06.584Z] [ERROR] getBuildingExposInfo 실패: Hostname/IP does not match certificate's altnames: Host: apis.data.go.kr. is not cert's CN: 27.101.208.130
[2025-10-01T11:18:07.391Z] [INFO] ✅ 대지지분 성공: 동='', 호='102', 지분=33.125
[2025-10-01T11:18:07.397Z] [INFO] 주택가격 시도: 동='', 호='지하B102'
[2025-10-01T11:18:08.234Z] [INFO] ✅ 주택가격 성공: 동='', 호='지하B102', 가격=11200만원, 년도=2025
[2025-10-01T11:18:08.235Z] [INFO] ⚡ API 데이터 수집 완료 (2519ms)
[2025-10-01T11:18:08.235Z] [INFO] 총괄표제부 없음, 표제부 데이터 처리 중 (빌라, 다세대 등)
[2025-10-01T11:18:08.235Z] [INFO] 📊 최종 면적 정보: 전용=없음㎡, 공용=0㎡, 공급=없음㎡
[2025-10-01T11:18:08.235Z] [INFO] 📝 업데이트 예정 필드: 용도지역, 토지면적(㎡), 주택가격(만원), 주택가격기준년도, 대지지분(㎡)
[2025-10-01T11:18:09.114Z] [INFO] ✅ 에어테이블 업데이트 성공: rec5JWDcJe0qCnjbz (총 3399ms)
[2025-10-01T11:18:09.114Z] [INFO] ✅ 레코드 성공, 재시도 이력 삭제: rec5JWDcJe0qCnjbz
[2025-10-01T11:18:09.114Z] [INFO] 
🎉 작업 완료!
[2025-10-01T11:18:09.114Z] [INFO] 📊 처리 결과: 1개 중 1개 성공, 0개 실패, 0개 건너뜀
[2025-10-01T11:18:09.115Z] [INFO] 📈 성공률: 100.0%
[2025-10-01T11:19:01.052Z] [INFO] 🎯 처리할 집합건물 레코드 발견, 작업 실행 중...
[2025-10-01T11:19:01.052Z] [INFO] 🚀 집합건물 정보 수집 작업 시작...
[2025-10-01T11:19:01.853Z] [INFO] 📋 뷰에서 1개 레코드 발견
[2025-10-01T11:19:01.853Z] [INFO] ⏳ 직렬 처리 시작 (총 1개)...
[2025-10-01T11:19:01.853Z] [INFO] 
📍 [1/1] 처리 중: rec5JWDcJe0qCnjbz
[2025-10-01T11:19:01.853Z] [INFO] 🏗️ 레코드 처리 시작 (시도 1/5): rec5JWDcJe0qCnjbz - 관악구 봉천동 1689-8  지하B102호
[2025-10-01T11:19:09.715Z] [INFO] 📍 생성된 PNU: 1162010100116890008
[2025-10-01T11:19:09.715Z] [INFO] 📡 API 데이터 수집 시작 (병렬 처리)...
[2025-10-01T11:19:09.715Z] [INFO] 🌍 VWorld 토지특성 정보 조회 시작 - PNU: 1162010100116890008
[2025-10-01T11:19:09.716Z] [INFO] 🌍 VWorld 대지지분 정보 조회 시작 - PNU: 1162010100116890008, 동: , 호: 지하B102호
[2025-10-01T11:19:09.716Z] [INFO] 대지지분 시도: 동='', 호='지하B102호'
[2025-10-01T11:19:09.716Z] [INFO] 🏠 VWorld 주택가격 정보 조회 시작 - PNU: 1162010100116890008, 동: , 호: 지하B102호
[2025-10-01T11:19:09.716Z] [INFO] 주택가격 시도: 동='', 호='지하B102호'
[2025-10-01T11:19:10.520Z] [INFO] 🏢 면적 정보 조회 시작 - 원본 동/호: 동='', 호='지하B102호'
[2025-10-01T11:19:10.555Z] [INFO] 대지지분 시도: 동='', 호='102'
[2025-10-01T11:19:10.560Z] [INFO] ✅ VWorld 토지특성 성공 - 용도지역: 제2종일반주거지역, 토지면적: 119.7
[2025-10-01T11:19:10.570Z] [INFO] 주택가격 시도: 동='', 호='102'
[2025-10-01T11:19:11.003Z] [ERROR] getBuildingTitleInfo 실패: Hostname/IP does not match certificate's altnames: Host: apis.data.go.kr. is not cert's CN: 27.101.208.130
[2025-10-01T11:19:11.004Z] [ERROR] getBuildingExposInfo 실패: Hostname/IP does not match certificate's altnames: Host: apis.data.go.kr. is not cert's CN: 27.101.208.130
[2025-10-01T11:19:11.021Z] [ERROR] getBuildingAreaInfo 실패: Hostname/IP does not match certificate's altnames: Host: apis.data.go.kr. is not cert's CN: 27.101.208.130
[2025-10-01T11:19:11.052Z] [ERROR] getBuildingRecapInfo 실패: Hostname/IP does not match certificate's altnames: Host: apis.data.go.kr. is not cert's CN: 27.101.208.130
[2025-10-01T11:19:11.389Z] [INFO] ✅ 대지지분 성공: 동='', 호='102', 지분=33.125
[2025-10-01T11:19:11.400Z] [INFO] 주택가격 시도: 동='', 호='지하B102'
[2025-10-01T11:19:12.239Z] [INFO] ✅ 주택가격 성공: 동='', 호='지하B102', 가격=11200만원, 년도=2025
[2025-10-01T11:19:12.239Z] [INFO] ⚡ API 데이터 수집 완료 (2524ms)
[2025-10-01T11:19:12.239Z] [INFO] 총괄표제부 없음, 표제부 데이터 처리 중 (빌라, 다세대 등)
[2025-10-01T11:19:12.239Z] [INFO] 📊 최종 면적 정보: 전용=없음㎡, 공용=0㎡, 공급=없음㎡
[2025-10-01T11:19:12.240Z] [INFO] 📝 업데이트 예정 필드: 용도지역, 토지면적(㎡), 주택가격(만원), 주택가격기준년도, 대지지분(㎡)
[2025-10-01T11:19:13.152Z] [INFO] ✅ 에어테이블 업데이트 성공: rec5JWDcJe0qCnjbz (총 3436ms)
[2025-10-01T11:19:13.152Z] [INFO] ✅ 레코드 성공, 재시도 이력 삭제: rec5JWDcJe0qCnjbz
[2025-10-01T11:19:13.152Z] [INFO] 
🎉 작업 완료!
[2025-10-01T11:19:13.152Z] [INFO] 📊 처리 결과: 1개 중 1개 성공, 0개 실패, 0개 건너뜀
[2025-10-01T11:19:13.152Z] [INFO] 📈 성공률: 100.0%
[2025-10-01T11:20:00.966Z] [INFO] 🎯 처리할 집합건물 레코드 발견, 작업 실행 중...
[2025-10-01T11:20:00.966Z] [INFO] 🚀 집합건물 정보 수집 작업 시작...
[2025-10-01T11:20:01.726Z] [INFO] 📋 뷰에서 1개 레코드 발견
[2025-10-01T11:20:01.726Z] [INFO] ⏳ 직렬 처리 시작 (총 1개)...
[2025-10-01T11:20:01.728Z] [INFO] 
📍 [1/1] 처리 중: rec5JWDcJe0qCnjbz
[2025-10-01T11:20:01.728Z] [INFO] 🏗️ 레코드 처리 시작 (시도 1/5): rec5JWDcJe0qCnjbz - 관악구 봉천동 1689-8  지하B102호
[2025-10-01T11:20:05.993Z] [INFO] 📍 생성된 PNU: 1162010100116890008
[2025-10-01T11:20:05.993Z] [INFO] 📡 API 데이터 수집 시작 (병렬 처리)...
[2025-10-01T11:20:05.993Z] [INFO] 🌍 VWorld 토지특성 정보 조회 시작 - PNU: 1162010100116890008
[2025-10-01T11:20:05.993Z] [INFO] 🌍 VWorld 대지지분 정보 조회 시작 - PNU: 1162010100116890008, 동: , 호: 지하B102호
[2025-10-01T11:20:05.993Z] [INFO] 대지지분 시도: 동='', 호='지하B102호'
[2025-10-01T11:20:05.993Z] [INFO] 🏠 VWorld 주택가격 정보 조회 시작 - PNU: 1162010100116890008, 동: , 호: 지하B102호
[2025-10-01T11:20:05.994Z] [INFO] 주택가격 시도: 동='', 호='지하B102호'
[2025-10-01T11:20:06.795Z] [INFO] 🏢 면적 정보 조회 시작 - 원본 동/호: 동='', 호='지하B102호'
[2025-10-01T11:20:06.839Z] [INFO] ✅ VWorld 토지특성 성공 - 용도지역: 제2종일반주거지역, 토지면적: 119.7
[2025-10-01T11:20:06.842Z] [INFO] 대지지분 시도: 동='', 호='102'
[2025-10-01T11:20:07.196Z] [INFO] 주택가격 시도: 동='', 호='102'
[2025-10-01T11:20:07.680Z] [INFO] ✅ 대지지분 성공: 동='', 호='102', 지분=33.125
[2025-10-01T11:20:08.041Z] [INFO] 주택가격 시도: 동='', 호='지하B102'
[2025-10-01T11:20:08.087Z] [ERROR] getBuildingExposInfo 실패: Hostname/IP does not match certificate's altnames: Host: apis.data.go.kr. is not cert's CN: 27.101.208.130
[2025-10-01T11:20:08.438Z] [ERROR] getBuildingRecapInfo 실패: Hostname/IP does not match certificate's altnames: Host: apis.data.go.kr. is not cert's CN: 27.101.208.130
[2025-10-01T11:20:08.444Z] [ERROR] getBuildingAreaInfo 실패: Hostname/IP does not match certificate's altnames: Host: apis.data.go.kr. is not cert's CN: 27.101.208.130
[2025-10-01T11:20:08.446Z] [ERROR] getBuildingTitleInfo 실패: Hostname/IP does not match certificate's altnames: Host: apis.data.go.kr. is not cert's CN: 27.101.208.130
[2025-10-01T11:20:08.872Z] [INFO] ✅ 주택가격 성공: 동='', 호='지하B102', 가격=11200만원, 년도=2025
[2025-10-01T11:20:08.872Z] [INFO] ⚡ API 데이터 수집 완료 (2879ms)
[2025-10-01T11:20:08.873Z] [INFO] 총괄표제부 없음, 표제부 데이터 처리 중 (빌라, 다세대 등)
[2025-10-01T11:20:08.873Z] [INFO] 📊 최종 면적 정보: 전용=없음㎡, 공용=0㎡, 공급=없음㎡
[2025-10-01T11:20:08.873Z] [INFO] 📝 업데이트 예정 필드: 용도지역, 토지면적(㎡), 주택가격(만원), 주택가격기준년도, 대지지분(㎡)
[2025-10-01T11:20:09.565Z] [INFO] ✅ 에어테이블 업데이트 성공: rec5JWDcJe0qCnjbz (총 3572ms)
[2025-10-01T11:20:09.565Z] [INFO] ✅ 레코드 성공, 재시도 이력 삭제: rec5JWDcJe0qCnjbz
[2025-10-01T11:20:09.566Z] [INFO] 
🎉 작업 완료!
[2025-10-01T11:20:09.566Z] [INFO] 📊 처리 결과: 1개 중 1개 성공, 0개 실패, 0개 건너뜀
[2025-10-01T11:20:09.566Z] [INFO] 📈 성공률: 100.0%
[2025-10-01T11:21:01.269Z] [INFO] 🎯 처리할 집합건물 레코드 발견, 작업 실행 중...
[2025-10-01T11:21:01.270Z] [INFO] 🚀 집합건물 정보 수집 작업 시작...
[2025-10-01T11:21:02.181Z] [INFO] 📋 뷰에서 1개 레코드 발견
[2025-10-01T11:21:02.181Z] [INFO] ⏳ 직렬 처리 시작 (총 1개)...
[2025-10-01T11:21:02.181Z] [INFO] 
📍 [1/1] 처리 중: rec5JWDcJe0qCnjbz
[2025-10-01T11:21:02.182Z] [INFO] 🏗️ 레코드 처리 시작 (시도 1/5): rec5JWDcJe0qCnjbz - 관악구 봉천동 1689-8  지하B102호
[2025-10-01T11:21:07.160Z] [INFO] 📍 생성된 PNU: 1162010100116890008
[2025-10-01T11:21:07.160Z] [INFO] 📡 API 데이터 수집 시작 (병렬 처리)...
[2025-10-01T11:21:07.161Z] [INFO] 🌍 VWorld 토지특성 정보 조회 시작 - PNU: 1162010100116890008
[2025-10-01T11:21:07.161Z] [INFO] 🌍 VWorld 대지지분 정보 조회 시작 - PNU: 1162010100116890008, 동: , 호: 지하B102호
[2025-10-01T11:21:07.161Z] [INFO] 대지지분 시도: 동='', 호='지하B102호'
[2025-10-01T11:21:07.161Z] [INFO] 🏠 VWorld 주택가격 정보 조회 시작 - PNU: 1162010100116890008, 동: , 호: 지하B102호
[2025-10-01T11:21:07.161Z] [INFO] 주택가격 시도: 동='', 호='지하B102호'
[2025-10-01T11:21:07.962Z] [INFO] 🏢 면적 정보 조회 시작 - 원본 동/호: 동='', 호='지하B102호'
[2025-10-01T11:21:08.000Z] [INFO] 대지지분 시도: 동='', 호='102'
[2025-10-01T11:21:08.004Z] [INFO] ✅ VWorld 토지특성 성공 - 용도지역: 제2종일반주거지역, 토지면적: 119.7
[2025-10-01T11:21:08.020Z] [ERROR] getBuildingExposInfo 실패: Hostname/IP does not match certificate's altnames: Host: apis.data.go.kr. is not cert's CN: 27.101.208.130
[2025-10-01T11:21:08.024Z] [ERROR] getBuildingTitleInfo 실패: Hostname/IP does not match certificate's altnames: Host: apis.data.go.kr. is not cert's CN: 27.101.208.130
[2025-10-01T11:21:08.030Z] [ERROR] getBuildingAreaInfo 실패: Hostname/IP does not match certificate's altnames: Host: apis.data.go.kr. is not cert's CN: 27.101.208.130
[2025-10-01T11:21:08.031Z] [ERROR] getBuildingRecapInfo 실패: Hostname/IP does not match certificate's altnames: Host: apis.data.go.kr. is not cert's CN: 27.101.208.130
[2025-10-01T11:21:08.335Z] [INFO] 주택가격 시도: 동='', 호='102'
[2025-10-01T11:21:08.831Z] [INFO] ✅ 대지지분 성공: 동='', 호='102', 지분=33.125
[2025-10-01T11:21:09.174Z] [INFO] 주택가격 시도: 동='', 호='지하B102'
[2025-10-01T11:21:10.080Z] [INFO] ✅ 주택가격 성공: 동='', 호='지하B102', 가격=11200만원, 년도=2025
[2025-10-01T11:21:10.080Z] [INFO] ⚡ API 데이터 수집 완료 (2919ms)
[2025-10-01T11:21:10.080Z] [INFO] 총괄표제부 없음, 표제부 데이터 처리 중 (빌라, 다세대 등)
[2025-10-01T11:21:10.080Z] [INFO] 📊 최종 면적 정보: 전용=없음㎡, 공용=0㎡, 공급=없음㎡
[2025-10-01T11:21:10.081Z] [INFO] 📝 업데이트 예정 필드: 용도지역, 토지면적(㎡), 주택가격(만원), 주택가격기준년도, 대지지분(㎡)
[2025-10-01T11:21:10.769Z] [INFO] ✅ 에어테이블 업데이트 성공: rec5JWDcJe0qCnjbz (총 3608ms)
[2025-10-01T11:21:10.769Z] [INFO] ✅ 레코드 성공, 재시도 이력 삭제: rec5JWDcJe0qCnjbz
[2025-10-01T11:21:10.769Z] [INFO] 
🎉 작업 완료!
[2025-10-01T11:21:10.769Z] [INFO] 📊 처리 결과: 1개 중 1개 성공, 0개 실패, 0개 건너뜀
[2025-10-01T11:21:10.770Z] [INFO] 📈 성공률: 100.0%
[2025-10-01T11:25:37.534Z] [INFO] 🚀 집합건물 서비스 v3.8 시작됨
[2025-10-01T11:25:37.534Z] [INFO] 📡 포트: 3003
[2025-10-01T11:25:37.534Z] [INFO] 🌐 웹 인터페이스: http://localhost:3003
[2025-10-01T11:25:37.535Z] [INFO] 📋 사용 뷰: viwOs5jlYkIGPZ142
[2025-10-01T11:25:37.535Z] [INFO] ⏱️ API 지연시간: 0.8초
[2025-10-01T11:25:37.535Z] [INFO] 🔄 스케줄: 1분마다 실행
[2025-10-01T11:26:02.888Z] [INFO] 🎯 처리할 집합건물 레코드 발견, 작업 실행 중...
[2025-10-01T11:26:02.888Z] [INFO] 🚀 집합건물 정보 수집 작업 시작...
[2025-10-01T11:26:03.741Z] [INFO] 📋 뷰에서 1개 레코드 발견
[2025-10-01T11:26:03.741Z] [INFO] ⏳ 직렬 처리 시작 (총 1개)...
[2025-10-01T11:26:03.741Z] [INFO] 
📍 [1/1] 처리 중: rec5JWDcJe0qCnjbz
[2025-10-01T11:26:03.742Z] [INFO] 🏗️ 레코드 처리 시작 (시도 1/5): rec5JWDcJe0qCnjbz - 관악구 봉천동 1689-8  지하B102호
[2025-10-01T11:26:07.267Z] [INFO] 📍 생성된 PNU: 1162010100116890008
[2025-10-01T11:26:07.267Z] [INFO] 📡 API 데이터 수집 시작 (병렬 처리)...
[2025-10-01T11:26:07.268Z] [INFO] 🌍 VWorld 토지특성 정보 조회 시작 - PNU: 1162010100116890008
[2025-10-01T11:26:07.268Z] [INFO] 🌍 VWorld 대지지분 정보 조회 시작 - PNU: 1162010100116890008, 동: , 호: 지하B102호
[2025-10-01T11:26:07.268Z] [INFO] 대지지분 시도: 동='', 호='지하B102호'
[2025-10-01T11:26:07.269Z] [INFO] 🏠 VWorld 주택가격 정보 조회 시작 - PNU: 1162010100116890008, 동: , 호: 지하B102호
[2025-10-01T11:26:07.269Z] [INFO] 주택가격 시도: 동='', 호='지하B102호'
[2025-10-01T11:26:08.071Z] [INFO] 🏢 면적 정보 조회 시작 - 원본 동/호: 동='', 호='지하B102호'
[2025-10-01T11:26:08.108Z] [INFO] 대지지분 시도: 동='', 호='102'
[2025-10-01T11:26:08.112Z] [INFO] 주택가격 시도: 동='', 호='102'
[2025-10-01T11:26:08.133Z] [INFO] ✅ VWorld 토지특성 성공 - 용도지역: 제2종일반주거지역, 토지면적: 119.7
[2025-10-01T11:26:08.164Z] [ERROR] getBuildingTitleInfo 실패: Hostname/IP does not match certificate's altnames: Host: apis.data.go.kr. is not cert's CN: 27.101.208.130
[2025-10-01T11:26:08.166Z] [ERROR] getBuildingExposInfo 실패: Hostname/IP does not match certificate's altnames: Host: apis.data.go.kr. is not cert's CN: 27.101.208.130
[2025-10-01T11:26:08.168Z] [ERROR] getBuildingAreaInfo 실패: Hostname/IP does not match certificate's altnames: Host: apis.data.go.kr. is not cert's CN: 27.101.208.130
[2025-10-01T11:26:08.169Z] [ERROR] getBuildingRecapInfo 실패: Hostname/IP does not match certificate's altnames: Host: apis.data.go.kr. is not cert's CN: 27.101.208.130
[2025-10-01T11:26:08.944Z] [INFO] 주택가격 시도: 동='', 호='지하B102'
[2025-10-01T11:26:08.960Z] [INFO] ✅ 대지지분 성공: 동='', 호='102', 지분=33.125
[2025-10-01T11:26:09.800Z] [INFO] ✅ 주택가격 성공: 동='', 호='지하B102', 가격=11200만원, 년도=2025
[2025-10-01T11:26:09.800Z] [INFO] ⚡ API 데이터 수집 완료 (2533ms)
[2025-10-01T11:26:09.800Z] [ERROR] ❌ 건축물 기본 정보 조회 실패 - 필수 API 응답 없음
[2025-10-01T11:26:09.800Z] [INFO] 재시도 기록: rec5JWDcJe0qCnjbz - 시도 1/5
[2025-10-01T11:26:09.801Z] [INFO] 
🎉 작업 완료!
[2025-10-01T11:26:09.801Z] [INFO] 📊 처리 결과: 1개 중 0개 성공, 1개 실패, 0개 건너뜀
[2025-10-01T11:26:09.801Z] [INFO] 📈 성공률: 0.0%
[2025-10-01T11:27:01.327Z] [INFO] 🎯 처리할 집합건물 레코드 발견, 작업 실행 중...
[2025-10-01T11:27:01.327Z] [INFO] 🚀 집합건물 정보 수집 작업 시작...
[2025-10-01T11:27:01.969Z] [INFO] 📋 뷰에서 1개 레코드 발견
[2025-10-01T11:27:01.969Z] [INFO] ⏳ 직렬 처리 시작 (총 1개)...
[2025-10-01T11:27:01.969Z] [INFO] 
📍 [1/1] 처리 중: rec5JWDcJe0qCnjbz
[2025-10-01T11:27:01.969Z] [INFO] 🏗️ 레코드 처리 시작 (시도 2/5): rec5JWDcJe0qCnjbz - 관악구 봉천동 1689-8  지하B102호
[2025-10-01T11:27:07.125Z] [INFO] 📍 생성된 PNU: 1162010100116890008
[2025-10-01T11:27:07.126Z] [INFO] 📡 API 데이터 수집 시작 (병렬 처리)...
[2025-10-01T11:27:07.126Z] [INFO] 🌍 VWorld 토지특성 정보 조회 시작 - PNU: 1162010100116890008
[2025-10-01T11:27:07.126Z] [INFO] 🌍 VWorld 대지지분 정보 조회 시작 - PNU: 1162010100116890008, 동: , 호: 지하B102호
[2025-10-01T11:27:07.126Z] [INFO] 대지지분 시도: 동='', 호='지하B102호'
[2025-10-01T11:27:07.126Z] [INFO] 🏠 VWorld 주택가격 정보 조회 시작 - PNU: 1162010100116890008, 동: , 호: 지하B102호
[2025-10-01T11:27:07.126Z] [INFO] 주택가격 시도: 동='', 호='지하B102호'
[2025-10-01T11:27:07.929Z] [INFO] 🏢 면적 정보 조회 시작 - 원본 동/호: 동='', 호='지하B102호'
[2025-10-01T11:27:07.973Z] [INFO] 대지지분 시도: 동='', 호='102'
[2025-10-01T11:27:07.975Z] [INFO] ✅ VWorld 토지특성 성공 - 용도지역: 제2종일반주거지역, 토지면적: 119.7
[2025-10-01T11:27:07.979Z] [ERROR] getBuildingAreaInfo 실패: Hostname/IP does not match certificate's altnames: Host: apis.data.go.kr. is not cert's CN: 27.101.208.130
[2025-10-01T11:27:07.981Z] [INFO] 주택가격 시도: 동='', 호='102'
[2025-10-01T11:27:07.983Z] [ERROR] getBuildingTitleInfo 실패: Hostname/IP does not match certificate's altnames: Host: apis.data.go.kr. is not cert's CN: 27.101.208.130
[2025-10-01T11:27:07.985Z] [ERROR] getBuildingExposInfo 실패: Hostname/IP does not match certificate's altnames: Host: apis.data.go.kr. is not cert's CN: 27.101.208.130
[2025-10-01T11:27:07.986Z] [ERROR] getBuildingRecapInfo 실패: Hostname/IP does not match certificate's altnames: Host: apis.data.go.kr. is not cert's CN: 27.101.208.130
[2025-10-01T11:27:08.802Z] [INFO] ✅ 대지지분 성공: 동='', 호='102', 지분=33.125
[2025-10-01T11:27:08.811Z] [INFO] 주택가격 시도: 동='', 호='지하B102'
[2025-10-01T11:27:09.801Z] [INFO] ✅ 주택가격 성공: 동='', 호='지하B102', 가격=11200만원, 년도=2025
[2025-10-01T11:27:09.801Z] [INFO] ⚡ API 데이터 수집 완료 (2675ms)
[2025-10-01T11:27:09.801Z] [ERROR] ❌ 건축물 기본 정보 조회 실패 - 필수 API 응답 없음
[2025-10-01T11:27:09.801Z] [INFO] 재시도 기록: rec5JWDcJe0qCnjbz - 시도 2/5
[2025-10-01T11:27:09.801Z] [INFO] 
🎉 작업 완료!
[2025-10-01T11:27:09.801Z] [INFO] 📊 처리 결과: 1개 중 0개 성공, 1개 실패, 0개 건너뜀
[2025-10-01T11:27:09.801Z] [INFO] 📈 성공률: 0.0%
[2025-10-01T11:28:01.544Z] [INFO] 🎯 처리할 집합건물 레코드 발견, 작업 실행 중...
[2025-10-01T11:28:01.544Z] [INFO] 🚀 집합건물 정보 수집 작업 시작...
[2025-10-01T11:28:02.343Z] [INFO] 📋 뷰에서 1개 레코드 발견
[2025-10-01T11:28:02.343Z] [INFO] ⏳ 직렬 처리 시작 (총 1개)...
[2025-10-01T11:28:02.343Z] [INFO] 
📍 [1/1] 처리 중: rec5JWDcJe0qCnjbz
[2025-10-01T11:28:02.343Z] [INFO] 🏗️ 레코드 처리 시작 (시도 3/5): rec5JWDcJe0qCnjbz - 관악구 봉천동 1689-8  지하B102호
[2025-10-01T11:28:05.505Z] [INFO] 📍 생성된 PNU: 1162010100116890008
[2025-10-01T11:28:05.505Z] [INFO] 📡 API 데이터 수집 시작 (병렬 처리)...
[2025-10-01T11:28:05.505Z] [INFO] 🌍 VWorld 토지특성 정보 조회 시작 - PNU: 1162010100116890008
[2025-10-01T11:28:05.505Z] [INFO] 🌍 VWorld 대지지분 정보 조회 시작 - PNU: 1162010100116890008, 동: , 호: 지하B102호
[2025-10-01T11:28:05.505Z] [INFO] 대지지분 시도: 동='', 호='지하B102호'
[2025-10-01T11:28:05.505Z] [INFO] 🏠 VWorld 주택가격 정보 조회 시작 - PNU: 1162010100116890008, 동: , 호: 지하B102호
[2025-10-01T11:28:05.505Z] [INFO] 주택가격 시도: 동='', 호='지하B102호'
[2025-10-01T11:28:06.308Z] [INFO] 🏢 면적 정보 조회 시작 - 원본 동/호: 동='', 호='지하B102호'
[2025-10-01T11:28:06.350Z] [INFO] ✅ VWorld 토지특성 성공 - 용도지역: 제2종일반주거지역, 토지면적: 119.7
[2025-10-01T11:28:06.352Z] [INFO] 대지지분 시도: 동='', 호='102'
[2025-10-01T11:28:06.353Z] [INFO] 주택가격 시도: 동='', 호='102'
[2025-10-01T11:28:06.694Z] [ERROR] getBuildingExposInfo 실패: Hostname/IP does not match certificate's altnames: Host: apis.data.go.kr. is not cert's CN: 27.101.208.130
[2025-10-01T11:28:06.696Z] [ERROR] getBuildingAreaInfo 실패: Hostname/IP does not match certificate's altnames: Host: apis.data.go.kr. is not cert's CN: 27.101.208.130
[2025-10-01T11:28:06.716Z] [ERROR] getBuildingTitleInfo 실패: Hostname/IP does not match certificate's altnames: Host: apis.data.go.kr. is not cert's CN: 27.101.208.130
[2025-10-01T11:28:06.718Z] [ERROR] getBuildingRecapInfo 실패: Hostname/IP does not match certificate's altnames: Host: apis.data.go.kr. is not cert's CN: 27.101.208.130
[2025-10-01T11:28:07.186Z] [INFO] 주택가격 시도: 동='', 호='지하B102'
[2025-10-01T11:28:07.188Z] [INFO] ✅ 대지지분 성공: 동='', 호='102', 지분=33.125
[2025-10-01T11:28:08.020Z] [INFO] ✅ 주택가격 성공: 동='', 호='지하B102', 가격=11200만원, 년도=2025
[2025-10-01T11:28:08.020Z] [INFO] ⚡ API 데이터 수집 완료 (2515ms)
[2025-10-01T11:28:08.020Z] [ERROR] ❌ 건축물 기본 정보 조회 실패 - 필수 API 응답 없음
[2025-10-01T11:28:08.020Z] [INFO] 재시도 기록: rec5JWDcJe0qCnjbz - 시도 3/5
[2025-10-01T11:28:08.020Z] [INFO] 
🎉 작업 완료!
[2025-10-01T11:28:08.020Z] [INFO] 📊 처리 결과: 1개 중 0개 성공, 1개 실패, 0개 건너뜀
[2025-10-01T11:28:08.020Z] [INFO] 📈 성공률: 0.0%
[2025-10-01T11:29:01.569Z] [INFO] 🎯 처리할 집합건물 레코드 발견, 작업 실행 중...
[2025-10-01T11:29:01.570Z] [INFO] 🚀 집합건물 정보 수집 작업 시작...
[2025-10-01T11:29:02.199Z] [INFO] 📋 뷰에서 1개 레코드 발견
[2025-10-01T11:29:02.199Z] [INFO] ⏳ 직렬 처리 시작 (총 1개)...
[2025-10-01T11:29:02.199Z] [INFO] 
📍 [1/1] 처리 중: rec5JWDcJe0qCnjbz
[2025-10-01T11:29:02.199Z] [INFO] 🏗️ 레코드 처리 시작 (시도 4/5): rec5JWDcJe0qCnjbz - 관악구 봉천동 1689-8  지하B102호
[2025-10-01T11:29:07.757Z] [INFO] 📍 생성된 PNU: 1162010100116890008
[2025-10-01T11:29:07.757Z] [INFO] 📡 API 데이터 수집 시작 (병렬 처리)...
[2025-10-01T11:29:07.757Z] [INFO] 🌍 VWorld 토지특성 정보 조회 시작 - PNU: 1162010100116890008
[2025-10-01T11:29:07.757Z] [INFO] 🌍 VWorld 대지지분 정보 조회 시작 - PNU: 1162010100116890008, 동: , 호: 지하B102호
[2025-10-01T11:29:07.757Z] [INFO] 대지지분 시도: 동='', 호='지하B102호'
[2025-10-01T11:29:07.758Z] [INFO] 🏠 VWorld 주택가격 정보 조회 시작 - PNU: 1162010100116890008, 동: , 호: 지하B102호
[2025-10-01T11:29:07.758Z] [INFO] 주택가격 시도: 동='', 호='지하B102호'
[2025-10-01T11:29:08.560Z] [INFO] 🏢 면적 정보 조회 시작 - 원본 동/호: 동='', 호='지하B102호'
[2025-10-01T11:29:08.601Z] [INFO] ✅ VWorld 토지특성 성공 - 용도지역: 제2종일반주거지역, 토지면적: 119.7
[2025-10-01T11:29:08.603Z] [INFO] 대지지분 시도: 동='', 호='102'
[2025-10-01T11:29:08.608Z] [INFO] 주택가격 시도: 동='', 호='102'
[2025-10-01T11:29:08.610Z] [ERROR] getBuildingTitleInfo 실패: Hostname/IP does not match certificate's altnames: Host: apis.data.go.kr. is not cert's CN: 27.101.208.130
[2025-10-01T11:29:08.612Z] [ERROR] getBuildingExposInfo 실패: Hostname/IP does not match certificate's altnames: Host: apis.data.go.kr. is not cert's CN: 27.101.208.130
[2025-10-01T11:29:08.614Z] [ERROR] getBuildingAreaInfo 실패: Hostname/IP does not match certificate's altnames: Host: apis.data.go.kr. is not cert's CN: 27.101.208.130
[2025-10-01T11:29:08.615Z] [ERROR] getBuildingRecapInfo 실패: Hostname/IP does not match certificate's altnames: Host: apis.data.go.kr. is not cert's CN: 27.101.208.130
[2025-10-01T11:29:09.437Z] [INFO] ✅ 대지지분 성공: 동='', 호='102', 지분=33.125
[2025-10-01T11:29:09.439Z] [INFO] 주택가격 시도: 동='', 호='지하B102'
[2025-10-01T11:29:10.294Z] [INFO] ✅ 주택가격 성공: 동='', 호='지하B102', 가격=11200만원, 년도=2025
[2025-10-01T11:29:10.295Z] [INFO] ⚡ API 데이터 수집 완료 (2538ms)
[2025-10-01T11:29:10.295Z] [ERROR] ❌ 건축물 기본 정보 조회 실패 - 필수 API 응답 없음
[2025-10-01T11:29:10.295Z] [INFO] 재시도 기록: rec5JWDcJe0qCnjbz - 시도 4/5
[2025-10-01T11:29:10.295Z] [INFO] 
🎉 작업 완료!
[2025-10-01T11:29:10.295Z] [INFO] 📊 처리 결과: 1개 중 0개 성공, 1개 실패, 0개 건너뜀
[2025-10-01T11:29:10.295Z] [INFO] 📈 성공률: 0.0%
[2025-10-01T11:30:01.674Z] [INFO] 🎯 처리할 집합건물 레코드 발견, 작업 실행 중...
[2025-10-01T11:30:01.674Z] [INFO] 🚀 집합건물 정보 수집 작업 시작...
[2025-10-01T11:30:02.507Z] [INFO] 📋 뷰에서 1개 레코드 발견
[2025-10-01T11:30:02.507Z] [INFO] ⏳ 직렬 처리 시작 (총 1개)...
[2025-10-01T11:30:02.507Z] [INFO] 
📍 [1/1] 처리 중: rec5JWDcJe0qCnjbz
[2025-10-01T11:30:02.507Z] [INFO] 🏗️ 레코드 처리 시작 (시도 5/5): rec5JWDcJe0qCnjbz - 관악구 봉천동 1689-8  지하B102호
[2025-10-01T11:30:05.999Z] [INFO] 📍 생성된 PNU: 1162010100116890008
[2025-10-01T11:30:05.999Z] [INFO] 📡 API 데이터 수집 시작 (병렬 처리)...
[2025-10-01T11:30:05.999Z] [INFO] 🌍 VWorld 토지특성 정보 조회 시작 - PNU: 1162010100116890008
[2025-10-01T11:30:05.999Z] [INFO] 🌍 VWorld 대지지분 정보 조회 시작 - PNU: 1162010100116890008, 동: , 호: 지하B102호
[2025-10-01T11:30:05.999Z] [INFO] 대지지분 시도: 동='', 호='지하B102호'
[2025-10-01T11:30:05.999Z] [INFO] 🏠 VWorld 주택가격 정보 조회 시작 - PNU: 1162010100116890008, 동: , 호: 지하B102호
[2025-10-01T11:30:05.999Z] [INFO] 주택가격 시도: 동='', 호='지하B102호'
[2025-10-01T11:30:06.801Z] [INFO] 🏢 면적 정보 조회 시작 - 원본 동/호: 동='', 호='지하B102호'
[2025-10-01T11:30:06.842Z] [INFO] ✅ VWorld 토지특성 성공 - 용도지역: 제2종일반주거지역, 토지면적: 119.7
[2025-10-01T11:30:06.842Z] [INFO] 주택가격 시도: 동='', 호='102'
[2025-10-01T11:30:06.843Z] [INFO] 대지지분 시도: 동='', 호='102'
[2025-10-01T11:30:07.022Z] [ERROR] getBuildingExposInfo 실패: Hostname/IP does not match certificate's altnames: Host: apis.data.go.kr. is not cert's CN: 27.101.208.130
[2025-10-01T11:30:07.023Z] [ERROR] getBuildingTitleInfo 실패: Hostname/IP does not match certificate's altnames: Host: apis.data.go.kr. is not cert's CN: 27.101.208.130
[2025-10-01T11:30:07.024Z] [ERROR] getBuildingAreaInfo 실패: Hostname/IP does not match certificate's altnames: Host: apis.data.go.kr. is not cert's CN: 27.101.208.130
[2025-10-01T11:30:07.079Z] [ERROR] getBuildingRecapInfo 실패: Hostname/IP does not match certificate's altnames: Host: apis.data.go.kr. is not cert's CN: 27.101.208.130
[2025-10-01T11:30:07.675Z] [INFO] 주택가격 시도: 동='', 호='지하B102'
[2025-10-01T11:30:07.676Z] [INFO] ✅ 대지지분 성공: 동='', 호='102', 지분=33.125
[2025-10-01T11:30:08.512Z] [INFO] ✅ 주택가격 성공: 동='', 호='지하B102', 가격=11200만원, 년도=2025
[2025-10-01T11:30:08.513Z] [INFO] ⚡ API 데이터 수집 완료 (2513ms)
[2025-10-01T11:30:08.513Z] [ERROR] ❌ 건축물 기본 정보 조회 실패 - 필수 API 응답 없음
[2025-10-01T11:30:08.513Z] [WARN] ❌ 레코드 최대 재시도 횟수 도달: rec5JWDcJe0qCnjbz (5회)
[2025-10-01T11:30:08.513Z] [INFO] 재시도 기록: rec5JWDcJe0qCnjbz - 시도 5/5
[2025-10-01T11:30:11.637Z] [INFO] 📧 실패 알림 이메일 발송 완료: 1개 레코드
[2025-10-01T11:30:11.637Z] [INFO] 
🎉 작업 완료!
[2025-10-01T11:30:11.638Z] [INFO] 📊 처리 결과: 1개 중 0개 성공, 1개 실패, 0개 건너뜀
[2025-10-01T11:30:11.638Z] [INFO] 📈 성공률: 0.0%
[2025-10-01T11:31:01.689Z] [INFO] 🎯 처리할 집합건물 레코드 발견, 작업 실행 중...
[2025-10-01T11:31:01.691Z] [INFO] 🚀 집합건물 정보 수집 작업 시작...
[2025-10-01T11:31:02.534Z] [INFO] 📋 뷰에서 1개 레코드 발견
[2025-10-01T11:31:02.534Z] [INFO] ⏳ 직렬 처리 시작 (총 1개)...
[2025-10-01T11:31:02.534Z] [INFO] 
📍 [1/1] 처리 중: rec5JWDcJe0qCnjbz
[2025-10-01T11:31:02.534Z] [INFO] ⏭️ 레코드 건너뜀 (최대 재시도 횟수 초과): rec5JWDcJe0qCnjbz
[2025-10-01T11:31:02.535Z] [INFO] 
🎉 작업 완료!
[2025-10-01T11:31:02.535Z] [INFO] 📊 처리 결과: 1개 중 0개 성공, 0개 실패, 1개 건너뜀
[2025-10-01T11:31:02.535Z] [INFO] 📈 성공률: 0.0%
[2025-10-01T11:32:01.738Z] [INFO] 🎯 처리할 집합건물 레코드 발견, 작업 실행 중...
[2025-10-01T11:32:01.738Z] [INFO] 🚀 집합건물 정보 수집 작업 시작...
[2025-10-01T11:32:02.615Z] [INFO] 📋 뷰에서 1개 레코드 발견
[2025-10-01T11:32:02.615Z] [INFO] ⏳ 직렬 처리 시작 (총 1개)...
[2025-10-01T11:32:02.615Z] [INFO] 
📍 [1/1] 처리 중: rec5JWDcJe0qCnjbz
[2025-10-01T11:32:02.615Z] [INFO] ⏭️ 레코드 건너뜀 (최대 재시도 횟수 초과): rec5JWDcJe0qCnjbz
[2025-10-01T11:32:02.615Z] [INFO] 
🎉 작업 완료!
[2025-10-01T11:32:02.615Z] [INFO] 📊 처리 결과: 1개 중 0개 성공, 0개 실패, 1개 건너뜀
[2025-10-01T11:32:02.615Z] [INFO] 📈 성공률: 0.0%
[2025-10-01T11:33:01.644Z] [INFO] 🎯 처리할 집합건물 레코드 발견, 작업 실행 중...
[2025-10-01T11:33:01.644Z] [INFO] 🚀 집합건물 정보 수집 작업 시작...
[2025-10-01T11:33:02.471Z] [INFO] 📋 뷰에서 1개 레코드 발견
[2025-10-01T11:33:02.471Z] [INFO] ⏳ 직렬 처리 시작 (총 1개)...
[2025-10-01T11:33:02.471Z] [INFO] 
📍 [1/1] 처리 중: rec5JWDcJe0qCnjbz
[2025-10-01T11:33:02.471Z] [INFO] ⏭️ 레코드 건너뜀 (최대 재시도 횟수 초과): rec5JWDcJe0qCnjbz
[2025-10-01T11:33:02.471Z] [INFO] 
🎉 작업 완료!
[2025-10-01T11:33:02.471Z] [INFO] 📊 처리 결과: 1개 중 0개 성공, 0개 실패, 1개 건너뜀
[2025-10-01T11:33:02.471Z] [INFO] 📈 성공률: 0.0%
[2025-10-01T11:34:01.709Z] [INFO] 🎯 처리할 집합건물 레코드 발견, 작업 실행 중...
[2025-10-01T11:34:01.709Z] [INFO] 🚀 집합건물 정보 수집 작업 시작...
[2025-10-01T11:34:02.435Z] [INFO] 📋 뷰에서 1개 레코드 발견
[2025-10-01T11:34:02.435Z] [INFO] ⏳ 직렬 처리 시작 (총 1개)...
[2025-10-01T11:34:02.435Z] [INFO] 
📍 [1/1] 처리 중: rec5JWDcJe0qCnjbz
[2025-10-01T11:34:02.435Z] [INFO] ⏭️ 레코드 건너뜀 (최대 재시도 횟수 초과): rec5JWDcJe0qCnjbz
[2025-10-01T11:34:02.435Z] [INFO] 
🎉 작업 완료!
[2025-10-01T11:34:02.435Z] [INFO] 📊 처리 결과: 1개 중 0개 성공, 0개 실패, 1개 건너뜀
[2025-10-01T11:34:02.435Z] [INFO] 📈 성공률: 0.0%
[2025-10-01T11:35:01.579Z] [INFO] 🎯 처리할 집합건물 레코드 발견, 작업 실행 중...
[2025-10-01T11:35:01.579Z] [INFO] 🚀 집합건물 정보 수집 작업 시작...
[2025-10-01T11:35:02.248Z] [INFO] 📋 뷰에서 1개 레코드 발견
[2025-10-01T11:35:02.249Z] [INFO] ⏳ 직렬 처리 시작 (총 1개)...
[2025-10-01T11:35:02.249Z] [INFO] 
📍 [1/1] 처리 중: rec5JWDcJe0qCnjbz
[2025-10-01T11:35:02.249Z] [INFO] ⏭️ 레코드 건너뜀 (최대 재시도 횟수 초과): rec5JWDcJe0qCnjbz
[2025-10-01T11:35:02.249Z] [INFO] 
🎉 작업 완료!
[2025-10-01T11:35:02.249Z] [INFO] 📊 처리 결과: 1개 중 0개 성공, 0개 실패, 1개 건너뜀
[2025-10-01T11:35:02.249Z] [INFO] 📈 성공률: 0.0%
[2025-10-01T13:06:58.780Z] [INFO] 🚀 집합건물 서비스 v3.8 시작됨
[2025-10-01T13:06:58.780Z] [INFO] 📡 포트: 3003
[2025-10-01T13:06:58.780Z] [INFO] 🌐 웹 인터페이스: http://localhost:3003
[2025-10-01T13:06:58.780Z] [INFO] 📋 사용 뷰: viwOs5jlYkIGPZ142
[2025-10-01T13:06:58.780Z] [INFO] ⏱️ API 지연시간: 0.8초
[2025-10-01T13:06:58.781Z] [INFO] 🔄 스케줄: 1분마다 실행
[2025-10-01T13:09:01.768Z] [INFO] 🎯 처리할 집합건물 레코드 발견, 작업 실행 중...
[2025-10-01T13:09:01.768Z] [INFO] 🚀 집합건물 정보 수집 작업 시작...
[2025-10-01T13:09:02.418Z] [INFO] 📋 뷰에서 1개 레코드 발견
[2025-10-01T13:09:02.418Z] [INFO] ⏳ 직렬 처리 시작 (총 1개)...
[2025-10-01T13:09:02.419Z] [INFO] 
📍 [1/1] 처리 중: recVY6LjmZWbRvXbL
[2025-10-01T13:09:02.419Z] [INFO] 🏗️ 레코드 처리 시작 (시도 1/5): recVY6LjmZWbRvXbL - 관악구 봉천동 1689-8  지하B102호
[2025-10-01T13:09:07.967Z] [INFO] 📍 생성된 PNU: 1162010100116890008
[2025-10-01T13:09:07.967Z] [INFO] 📡 API 데이터 수집 시작 (병렬 처리)...
[2025-10-01T13:09:07.968Z] [INFO] 🌍 VWorld 토지특성 정보 조회 시작 - PNU: 1162010100116890008
[2025-10-01T13:09:07.968Z] [INFO] 🌍 VWorld 대지지분 정보 조회 시작 - PNU: 1162010100116890008, 동: , 호: 지하B102호
[2025-10-01T13:09:07.969Z] [INFO] 대지지분 시도: 동='', 호='지하B102호'
[2025-10-01T13:09:07.969Z] [INFO] 🏠 VWorld 주택가격 정보 조회 시작 - PNU: 1162010100116890008, 동: , 호: 지하B102호
[2025-10-01T13:09:07.969Z] [INFO] 주택가격 시도: 동='', 호='지하B102호'
[2025-10-01T13:09:08.772Z] [INFO] 🏢 면적 정보 조회 시작 - 원본 동/호: 동='', 호='지하B102호'
[2025-10-01T13:09:08.815Z] [INFO] 대지지분 시도: 동='', 호='102'
[2025-10-01T13:09:08.816Z] [INFO] 주택가격 시도: 동='', 호='102'
[2025-10-01T13:09:08.831Z] [INFO] ✅ VWorld 토지특성 성공 - 용도지역: 제2종일반주거지역, 토지면적: 119.7
[2025-10-01T13:09:08.890Z] [ERROR] getBuildingExposInfo 실패: Hostname/IP does not match certificate's altnames: Host: apis.data.go.kr. is not cert's CN: 27.101.208.130
[2025-10-01T13:09:08.893Z] [ERROR] getBuildingTitleInfo 실패: Hostname/IP does not match certificate's altnames: Host: apis.data.go.kr. is not cert's CN: 27.101.208.130
[2025-10-01T13:09:08.930Z] [ERROR] getBuildingRecapInfo 실패: Hostname/IP does not match certificate's altnames: Host: apis.data.go.kr. is not cert's CN: 27.101.208.130
[2025-10-01T13:09:08.945Z] [ERROR] getBuildingAreaInfo 실패: Hostname/IP does not match certificate's altnames: Host: apis.data.go.kr. is not cert's CN: 27.101.208.130
[2025-10-01T13:09:09.647Z] [INFO] ✅ 대지지분 성공: 동='', 호='102', 지분=33.125
[2025-10-01T13:09:09.648Z] [INFO] 주택가격 시도: 동='', 호='지하B102'
[2025-10-01T13:09:10.498Z] [INFO] ✅ 주택가격 성공: 동='', 호='지하B102', 가격=11200만원, 년도=2025
[2025-10-01T13:09:10.498Z] [INFO] ⚡ API 데이터 수집 완료 (2531ms)
[2025-10-01T13:09:10.498Z] [ERROR] ❌ 건축물 기본 정보 조회 실패 - 필수 API 응답 없음
[2025-10-01T13:09:10.498Z] [INFO] 재시도 기록: recVY6LjmZWbRvXbL - 시도 1/5
[2025-10-01T13:09:10.498Z] [INFO] 
🎉 작업 완료!
[2025-10-01T13:09:10.498Z] [INFO] 📊 처리 결과: 1개 중 0개 성공, 1개 실패, 0개 건너뜀
[2025-10-01T13:09:10.499Z] [INFO] 📈 성공률: 0.0%
[2025-10-01T13:10:01.829Z] [INFO] 🎯 처리할 집합건물 레코드 발견, 작업 실행 중...
[2025-10-01T13:10:01.830Z] [INFO] 🚀 집합건물 정보 수집 작업 시작...
[2025-10-01T13:10:02.628Z] [INFO] 📋 뷰에서 1개 레코드 발견
[2025-10-01T13:10:02.628Z] [INFO] ⏳ 직렬 처리 시작 (총 1개)...
[2025-10-01T13:10:02.628Z] [INFO] 
📍 [1/1] 처리 중: recVY6LjmZWbRvXbL
[2025-10-01T13:10:02.629Z] [INFO] 🏗️ 레코드 처리 시작 (시도 2/5): recVY6LjmZWbRvXbL - 관악구 봉천동 1689-8  지하B102호
[2025-10-01T13:10:06.330Z] [INFO] 📍 생성된 PNU: 1162010100116890008
[2025-10-01T13:10:06.330Z] [INFO] 📡 API 데이터 수집 시작 (병렬 처리)...
[2025-10-01T13:10:06.331Z] [INFO] 🌍 VWorld 토지특성 정보 조회 시작 - PNU: 1162010100116890008
[2025-10-01T13:10:06.331Z] [INFO] 🌍 VWorld 대지지분 정보 조회 시작 - PNU: 1162010100116890008, 동: , 호: 지하B102호
[2025-10-01T13:10:06.331Z] [INFO] 대지지분 시도: 동='', 호='지하B102호'
[2025-10-01T13:10:06.331Z] [INFO] 🏠 VWorld 주택가격 정보 조회 시작 - PNU: 1162010100116890008, 동: , 호: 지하B102호
[2025-10-01T13:10:06.331Z] [INFO] 주택가격 시도: 동='', 호='지하B102호'
[2025-10-01T13:10:07.133Z] [INFO] 🏢 면적 정보 조회 시작 - 원본 동/호: 동='', 호='지하B102호'
[2025-10-01T13:10:07.164Z] [ERROR] getBuildingRecapInfo 실패: Hostname/IP does not match certificate's altnames: Host: apis.data.go.kr. is not cert's CN: 27.101.208.130
[2025-10-01T13:10:07.171Z] [INFO] ✅ VWorld 토지특성 성공 - 용도지역: 제2종일반주거지역, 토지면적: 119.7
[2025-10-01T13:10:07.172Z] [INFO] 대지지분 시도: 동='', 호='102'
[2025-10-01T13:10:07.172Z] [INFO] 주택가격 시도: 동='', 호='102'
[2025-10-01T13:10:07.183Z] [ERROR] getBuildingExposInfo 실패: Hostname/IP does not match certificate's altnames: Host: apis.data.go.kr. is not cert's CN: 27.101.208.130
[2025-10-01T13:10:07.184Z] [ERROR] getBuildingTitleInfo 실패: Hostname/IP does not match certificate's altnames: Host: apis.data.go.kr. is not cert's CN: 27.101.208.130
[2025-10-01T13:10:07.187Z] [ERROR] getBuildingAreaInfo 실패: Hostname/IP does not match certificate's altnames: Host: apis.data.go.kr. is not cert's CN: 27.101.208.130
[2025-10-01T13:10:08.006Z] [INFO] ✅ 대지지분 성공: 동='', 호='102', 지분=33.125
[2025-10-01T13:10:08.006Z] [INFO] 주택가격 시도: 동='', 호='지하B102'
[2025-10-01T13:10:08.854Z] [INFO] ✅ 주택가격 성공: 동='', 호='지하B102', 가격=11200만원, 년도=2025
[2025-10-01T13:10:08.855Z] [INFO] ⚡ API 데이터 수집 완료 (2525ms)
[2025-10-01T13:10:08.855Z] [ERROR] ❌ 건축물 기본 정보 조회 실패 - 필수 API 응답 없음
[2025-10-01T13:10:08.855Z] [INFO] 재시도 기록: recVY6LjmZWbRvXbL - 시도 2/5
[2025-10-01T13:10:08.855Z] [INFO] 
🎉 작업 완료!
[2025-10-01T13:10:08.855Z] [INFO] 📊 처리 결과: 1개 중 0개 성공, 1개 실패, 0개 건너뜀
[2025-10-01T13:10:08.855Z] [INFO] 📈 성공률: 0.0%
[2025-10-01T13:11:01.848Z] [INFO] 🎯 처리할 집합건물 레코드 발견, 작업 실행 중...
[2025-10-01T13:11:01.848Z] [INFO] 🚀 집합건물 정보 수집 작업 시작...
[2025-10-01T13:11:02.691Z] [INFO] 📋 뷰에서 1개 레코드 발견
[2025-10-01T13:11:02.691Z] [INFO] ⏳ 직렬 처리 시작 (총 1개)...
[2025-10-01T13:11:02.691Z] [INFO] 
📍 [1/1] 처리 중: recVY6LjmZWbRvXbL
[2025-10-01T13:11:02.691Z] [INFO] 🏗️ 레코드 처리 시작 (시도 3/5): recVY6LjmZWbRvXbL - 관악구 봉천동 1689-8  지하B102호
[2025-10-01T13:11:06.280Z] [INFO] 📍 생성된 PNU: 1162010100116890008
[2025-10-01T13:11:06.280Z] [INFO] 📡 API 데이터 수집 시작 (병렬 처리)...
[2025-10-01T13:11:06.280Z] [INFO] 🌍 VWorld 토지특성 정보 조회 시작 - PNU: 1162010100116890008
[2025-10-01T13:11:06.280Z] [INFO] 🌍 VWorld 대지지분 정보 조회 시작 - PNU: 1162010100116890008, 동: , 호: 지하B102호
[2025-10-01T13:11:06.280Z] [INFO] 대지지분 시도: 동='', 호='지하B102호'
[2025-10-01T13:11:06.281Z] [INFO] 🏠 VWorld 주택가격 정보 조회 시작 - PNU: 1162010100116890008, 동: , 호: 지하B102호
[2025-10-01T13:11:06.281Z] [INFO] 주택가격 시도: 동='', 호='지하B102호'
[2025-10-01T13:11:07.084Z] [INFO] 🏢 면적 정보 조회 시작 - 원본 동/호: 동='', 호='지하B102호'
[2025-10-01T13:11:07.122Z] [INFO] ✅ VWorld 토지특성 성공 - 용도지역: 제2종일반주거지역, 토지면적: 119.7
[2025-10-01T13:11:07.125Z] [INFO] 주택가격 시도: 동='', 호='102'
[2025-10-01T13:11:07.132Z] [INFO] 대지지분 시도: 동='', 호='102'
[2025-10-01T13:11:07.957Z] [INFO] 주택가격 시도: 동='', 호='지하B102'
[2025-10-01T13:11:07.958Z] [INFO] ✅ 대지지분 성공: 동='', 호='102', 지분=33.125
[2025-10-01T13:11:08.116Z] [ERROR] getBuildingTitleInfo 실패: Hostname/IP does not match certificate's altnames: Host: apis.data.go.kr. is not cert's CN: 27.101.208.130
[2025-10-01T13:11:08.133Z] [ERROR] getBuildingAreaInfo 실패: Hostname/IP does not match certificate's altnames: Host: apis.data.go.kr. is not cert's CN: 27.101.208.130
[2025-10-01T13:11:08.135Z] [ERROR] getBuildingRecapInfo 실패: Hostname/IP does not match certificate's altnames: Host: apis.data.go.kr. is not cert's CN: 27.101.208.130
[2025-10-01T13:11:08.138Z] [ERROR] getBuildingExposInfo 실패: Hostname/IP does not match certificate's altnames: Host: apis.data.go.kr. is not cert's CN: 27.101.208.130
[2025-10-01T13:11:08.794Z] [INFO] ✅ 주택가격 성공: 동='', 호='지하B102', 가격=11200만원, 년도=2025
[2025-10-01T13:11:08.794Z] [INFO] ⚡ API 데이터 수집 완료 (2514ms)
[2025-10-01T13:11:08.794Z] [ERROR] ❌ 건축물 기본 정보 조회 실패 - 필수 API 응답 없음
[2025-10-01T13:11:08.794Z] [INFO] 재시도 기록: recVY6LjmZWbRvXbL - 시도 3/5
[2025-10-01T13:11:08.794Z] [INFO] 
🎉 작업 완료!
[2025-10-01T13:11:08.794Z] [INFO] 📊 처리 결과: 1개 중 0개 성공, 1개 실패, 0개 건너뜀
[2025-10-01T13:11:08.794Z] [INFO] 📈 성공률: 0.0%
[2025-10-01T13:12:01.877Z] [INFO] 🎯 처리할 집합건물 레코드 발견, 작업 실행 중...
[2025-10-01T13:12:01.877Z] [INFO] 🚀 집합건물 정보 수집 작업 시작...
[2025-10-01T13:12:02.681Z] [INFO] 📋 뷰에서 1개 레코드 발견
[2025-10-01T13:12:02.681Z] [INFO] ⏳ 직렬 처리 시작 (총 1개)...
[2025-10-01T13:12:02.681Z] [INFO] 
📍 [1/1] 처리 중: recVY6LjmZWbRvXbL
[2025-10-01T13:12:02.681Z] [INFO] 🏗️ 레코드 처리 시작 (시도 4/5): recVY6LjmZWbRvXbL - 관악구 봉천동 1689-8  지하B102호
[2025-10-01T13:12:08.713Z] [INFO] 📍 생성된 PNU: 1162010100116890008
[2025-10-01T13:12:08.713Z] [INFO] 📡 API 데이터 수집 시작 (병렬 처리)...
[2025-10-01T13:12:08.713Z] [INFO] 🌍 VWorld 토지특성 정보 조회 시작 - PNU: 1162010100116890008
[2025-10-01T13:12:08.713Z] [INFO] 🌍 VWorld 대지지분 정보 조회 시작 - PNU: 1162010100116890008, 동: , 호: 지하B102호
[2025-10-01T13:12:08.714Z] [INFO] 대지지분 시도: 동='', 호='지하B102호'
[2025-10-01T13:12:08.714Z] [INFO] 🏠 VWorld 주택가격 정보 조회 시작 - PNU: 1162010100116890008, 동: , 호: 지하B102호
[2025-10-01T13:12:08.714Z] [INFO] 주택가격 시도: 동='', 호='지하B102호'
[2025-10-01T13:12:09.515Z] [INFO] 🏢 면적 정보 조회 시작 - 원본 동/호: 동='', 호='지하B102호'
[2025-10-01T13:12:09.554Z] [INFO] 주택가격 시도: 동='', 호='102'
[2025-10-01T13:12:09.556Z] [INFO] ✅ VWorld 토지특성 성공 - 용도지역: 제2종일반주거지역, 토지면적: 119.7
[2025-10-01T13:12:09.557Z] [INFO] 대지지분 시도: 동='', 호='102'
[2025-10-01T13:12:09.909Z] [ERROR] getBuildingTitleInfo 실패: Hostname/IP does not match certificate's altnames: Host: apis.data.go.kr. is not cert's CN: 27.101.208.130
[2025-10-01T13:12:09.914Z] [ERROR] getBuildingAreaInfo 실패: Hostname/IP does not match certificate's altnames: Host: apis.data.go.kr. is not cert's CN: 27.101.208.130
[2025-10-01T13:12:09.918Z] [ERROR] getBuildingRecapInfo 실패: Hostname/IP does not match certificate's altnames: Host: apis.data.go.kr. is not cert's CN: 27.101.208.130
[2025-10-01T13:12:09.919Z] [ERROR] getBuildingExposInfo 실패: Hostname/IP does not match certificate's altnames: Host: apis.data.go.kr. is not cert's CN: 27.101.208.130
[2025-10-01T13:12:10.383Z] [INFO] 주택가격 시도: 동='', 호='지하B102'
[2025-10-01T13:12:10.387Z] [INFO] ✅ 대지지분 성공: 동='', 호='102', 지분=33.125
[2025-10-01T13:12:11.216Z] [INFO] ✅ 주택가격 성공: 동='', 호='지하B102', 가격=11200만원, 년도=2025
[2025-10-01T13:12:11.216Z] [INFO] ⚡ API 데이터 수집 완료 (2503ms)
[2025-10-01T13:12:11.216Z] [ERROR] ❌ 건축물 기본 정보 조회 실패 - 필수 API 응답 없음
[2025-10-01T13:12:11.216Z] [INFO] 재시도 기록: recVY6LjmZWbRvXbL - 시도 4/5
[2025-10-01T13:12:11.216Z] [INFO] 
🎉 작업 완료!
[2025-10-01T13:12:11.216Z] [INFO] 📊 처리 결과: 1개 중 0개 성공, 1개 실패, 0개 건너뜀
[2025-10-01T13:12:11.216Z] [INFO] 📈 성공률: 0.0%
[2025-10-01T13:13:01.830Z] [INFO] 🎯 처리할 집합건물 레코드 발견, 작업 실행 중...
[2025-10-01T13:13:01.830Z] [INFO] 🚀 집합건물 정보 수집 작업 시작...
[2025-10-01T13:13:02.446Z] [INFO] 📋 뷰에서 1개 레코드 발견
[2025-10-01T13:13:02.446Z] [INFO] ⏳ 직렬 처리 시작 (총 1개)...
[2025-10-01T13:13:02.446Z] [INFO] 
📍 [1/1] 처리 중: recVY6LjmZWbRvXbL
[2025-10-01T13:13:02.446Z] [INFO] 🏗️ 레코드 처리 시작 (시도 5/5): recVY6LjmZWbRvXbL - 관악구 봉천동 1689-8  지하B102호
[2025-10-01T13:13:06.934Z] [INFO] 📍 생성된 PNU: 1162010100116890008
[2025-10-01T13:13:06.934Z] [INFO] 📡 API 데이터 수집 시작 (병렬 처리)...
[2025-10-01T13:13:06.935Z] [INFO] 🌍 VWorld 토지특성 정보 조회 시작 - PNU: 1162010100116890008
[2025-10-01T13:13:06.935Z] [INFO] 🌍 VWorld 대지지분 정보 조회 시작 - PNU: 1162010100116890008, 동: , 호: 지하B102호
[2025-10-01T13:13:06.935Z] [INFO] 대지지분 시도: 동='', 호='지하B102호'
[2025-10-01T13:13:06.935Z] [INFO] 🏠 VWorld 주택가격 정보 조회 시작 - PNU: 1162010100116890008, 동: , 호: 지하B102호
[2025-10-01T13:13:06.935Z] [INFO] 주택가격 시도: 동='', 호='지하B102호'
[2025-10-01T13:13:07.738Z] [INFO] 🏢 면적 정보 조회 시작 - 원본 동/호: 동='', 호='지하B102호'
[2025-10-01T13:13:07.775Z] [INFO] 주택가격 시도: 동='', 호='102'
[2025-10-01T13:13:07.800Z] [INFO] ✅ VWorld 토지특성 성공 - 용도지역: 제2종일반주거지역, 토지면적: 119.7
[2025-10-01T13:13:07.815Z] [INFO] 대지지분 시도: 동='', 호='102'
[2025-10-01T13:13:08.605Z] [INFO] 주택가격 시도: 동='', 호='지하B102'
[2025-10-01T13:13:08.645Z] [INFO] ✅ 대지지분 성공: 동='', 호='102', 지분=33.125
[2025-10-01T13:13:09.429Z] [ERROR] getBuildingTitleInfo 실패: Hostname/IP does not match certificate's altnames: Host: apis.data.go.kr. is not cert's CN: 27.101.208.130
[2025-10-01T13:13:09.439Z] [INFO] ✅ 주택가격 성공: 동='', 호='지하B102', 가격=11200만원, 년도=2025
[2025-10-01T13:13:09.646Z] [ERROR] getBuildingExposInfo 실패: Hostname/IP does not match certificate's altnames: Host: apis.data.go.kr. is not cert's CN: 27.101.208.130
[2025-10-01T13:13:09.648Z] [ERROR] getBuildingAreaInfo 실패: Hostname/IP does not match certificate's altnames: Host: apis.data.go.kr. is not cert's CN: 27.101.208.130
[2025-10-01T13:13:09.650Z] [ERROR] getBuildingRecapInfo 실패: Hostname/IP does not match certificate's altnames: Host: apis.data.go.kr. is not cert's CN: 27.101.208.130
[2025-10-01T13:13:09.650Z] [INFO] ⚡ API 데이터 수집 완료 (2715ms)
[2025-10-01T13:13:09.650Z] [ERROR] ❌ 건축물 기본 정보 조회 실패 - 필수 API 응답 없음
[2025-10-01T13:13:09.650Z] [WARN] ❌ 레코드 최대 재시도 횟수 도달: recVY6LjmZWbRvXbL (5회)
[2025-10-01T13:13:09.651Z] [INFO] 재시도 기록: recVY6LjmZWbRvXbL - 시도 5/5
[2025-10-01T13:13:13.555Z] [INFO] 📧 실패 알림 이메일 발송 완료: 1개 레코드
[2025-10-01T13:13:13.555Z] [INFO] 
🎉 작업 완료!
[2025-10-01T13:13:13.555Z] [INFO] 📊 처리 결과: 1개 중 0개 성공, 1개 실패, 0개 건너뜀
[2025-10-01T13:13:13.555Z] [INFO] 📈 성공률: 0.0%
[2025-10-01T13:28:24.984Z] [INFO] 🚀 집합건물 서비스 v3.8 시작됨
[2025-10-01T13:28:24.985Z] [INFO] 📡 포트: 3003
[2025-10-01T13:28:24.985Z] [INFO] 🌐 웹 인터페이스: http://localhost:3003
[2025-10-01T13:28:24.985Z] [INFO] 📋 사용 뷰: viwOs5jlYkIGPZ142
[2025-10-01T13:28:24.985Z] [INFO] ⏱️ API 지연시간: 0.8초
[2025-10-01T13:28:24.986Z] [INFO] 🔄 스케줄: 1분마다 실행
[2025-10-01T13:29:01.969Z] [INFO] 🎯 처리할 집합건물 레코드 발견, 작업 실행 중...
[2025-10-01T13:29:01.969Z] [INFO] 🚀 집합건물 정보 수집 작업 시작...
[2025-10-01T13:29:02.771Z] [INFO] 📋 뷰에서 1개 레코드 발견
[2025-10-01T13:29:02.771Z] [INFO] ⏳ 직렬 처리 시작 (총 1개)...
[2025-10-01T13:29:02.771Z] [INFO] 
📍 [1/1] 처리 중: recVY6LjmZWbRvXbL
[2025-10-01T13:29:02.771Z] [INFO] 🏗️ 레코드 처리 시작 (시도 1/5): recVY6LjmZWbRvXbL - 관악구 봉천동 1689-8  지하B102호
[2025-10-01T13:29:09.038Z] [INFO] 📍 생성된 PNU: 1162010100116890008
[2025-10-01T13:29:09.038Z] [INFO] 📡 API 데이터 수집 시작 (병렬 처리)...
[2025-10-01T13:29:09.039Z] [INFO] 🌍 VWorld 토지특성 정보 조회 시작 - PNU: 1162010100116890008
[2025-10-01T13:29:09.039Z] [INFO] 🌍 VWorld 대지지분 정보 조회 시작 - PNU: 1162010100116890008, 동: , 호: 지하B102호
[2025-10-01T13:29:09.039Z] [INFO] 대지지분 시도: 동='', 호='지하B102호'
[2025-10-01T13:29:09.040Z] [INFO] 🏠 VWorld 주택가격 정보 조회 시작 - PNU: 1162010100116890008, 동: , 호: 지하B102호
[2025-10-01T13:29:09.040Z] [INFO] 주택가격 시도: 동='', 호='지하B102호'
[2025-10-01T13:29:09.842Z] [INFO] 🏢 면적 정보 조회 시작 - 원본 동/호: 동='', 호='지하B102호'
[2025-10-01T13:29:09.885Z] [INFO] 대지지분 시도: 동='', 호='102'
[2025-10-01T13:29:09.892Z] [INFO] 주택가격 시도: 동='', 호='102'
[2025-10-01T13:29:09.898Z] [INFO] ✅ VWorld 토지특성 성공 - 용도지역: 제2종일반주거지역, 토지면적: 119.7
[2025-10-01T13:29:10.384Z] [ERROR] getBuildingRecapInfo 실패: Hostname/IP does not match certificate's altnames: Host: apis.data.go.kr. is not cert's CN: 27.101.208.130
[2025-10-01T13:29:10.480Z] [ERROR] getBuildingExposInfo 실패: Hostname/IP does not match certificate's altnames: Host: apis.data.go.kr. is not cert's CN: 27.101.208.130
[2025-10-01T13:29:10.721Z] [INFO] ✅ 대지지분 성공: 동='', 호='102', 지분=33.125
[2025-10-01T13:29:10.722Z] [INFO] 주택가격 시도: 동='', 호='지하B102'
[2025-10-01T13:29:10.874Z] [ERROR] getBuildingTitleInfo 실패: Hostname/IP does not match certificate's altnames: Host: apis.data.go.kr. is not cert's CN: 27.101.208.130
[2025-10-01T13:29:10.875Z] [ERROR] getBuildingAreaInfo 실패: Hostname/IP does not match certificate's altnames: Host: apis.data.go.kr. is not cert's CN: 27.101.208.130
[2025-10-01T13:29:11.557Z] [INFO] ✅ 주택가격 성공: 동='', 호='지하B102', 가격=11200만원, 년도=2025
[2025-10-01T13:29:11.558Z] [INFO] ⚡ API 데이터 수집 완료 (2520ms)
[2025-10-01T13:29:11.558Z] [ERROR] ❌ 건축물 기본 정보 조회 실패 - 필수 API 응답 없음
[2025-10-01T13:29:11.558Z] [INFO] 재시도 기록: recVY6LjmZWbRvXbL - 시도 1/5
[2025-10-01T13:29:11.558Z] [INFO] 
🎉 작업 완료!
[2025-10-01T13:29:11.558Z] [INFO] 📊 처리 결과: 1개 중 0개 성공, 1개 실패, 0개 건너뜀
[2025-10-01T13:29:11.558Z] [INFO] 📈 성공률: 0.0%
[2025-10-01T13:30:00.965Z] [INFO] 🎯 처리할 집합건물 레코드 발견, 작업 실행 중...
[2025-10-01T13:30:00.965Z] [INFO] 🚀 집합건물 정보 수집 작업 시작...
[2025-10-01T13:30:01.790Z] [INFO] 📋 뷰에서 1개 레코드 발견
[2025-10-01T13:30:01.791Z] [INFO] ⏳ 직렬 처리 시작 (총 1개)...
[2025-10-01T13:30:01.791Z] [INFO] 
📍 [1/1] 처리 중: recVY6LjmZWbRvXbL
[2025-10-01T13:30:01.791Z] [INFO] 🏗️ 레코드 처리 시작 (시도 2/5): recVY6LjmZWbRvXbL - 관악구 봉천동 1689-8  지하B102호
[2025-10-01T13:30:07.745Z] [INFO] 📍 생성된 PNU: 1162010100116890008
[2025-10-01T13:30:07.745Z] [INFO] 📡 API 데이터 수집 시작 (병렬 처리)...
[2025-10-01T13:30:07.746Z] [INFO] 🌍 VWorld 토지특성 정보 조회 시작 - PNU: 1162010100116890008
[2025-10-01T13:30:07.746Z] [INFO] 🌍 VWorld 대지지분 정보 조회 시작 - PNU: 1162010100116890008, 동: , 호: 지하B102호
[2025-10-01T13:30:07.746Z] [INFO] 대지지분 시도: 동='', 호='지하B102호'
[2025-10-01T13:30:07.746Z] [INFO] 🏠 VWorld 주택가격 정보 조회 시작 - PNU: 1162010100116890008, 동: , 호: 지하B102호
[2025-10-01T13:30:07.746Z] [INFO] 주택가격 시도: 동='', 호='지하B102호'
[2025-10-01T13:30:08.549Z] [INFO] 🏢 면적 정보 조회 시작 - 원본 동/호: 동='', 호='지하B102호'
[2025-10-01T13:30:08.588Z] [INFO] ✅ VWorld 토지특성 성공 - 용도지역: 제2종일반주거지역, 토지면적: 119.7
[2025-10-01T13:30:08.607Z] [INFO] 주택가격 시도: 동='', 호='102'
[2025-10-01T13:30:08.616Z] [INFO] 대지지분 시도: 동='', 호='102'
[2025-10-01T13:30:08.618Z] [ERROR] getBuildingRecapInfo 실패: Hostname/IP does not match certificate's altnames: Host: apis.data.go.kr. is not cert's CN: 27.101.208.130
[2025-10-01T13:30:08.622Z] [ERROR] getBuildingTitleInfo 실패: Hostname/IP does not match certificate's altnames: Host: apis.data.go.kr. is not cert's CN: 27.101.208.130
[2025-10-01T13:30:08.623Z] [ERROR] getBuildingExposInfo 실패: Hostname/IP does not match certificate's altnames: Host: apis.data.go.kr. is not cert's CN: 27.101.208.130
[2025-10-01T13:30:08.628Z] [ERROR] getBuildingAreaInfo 실패: Hostname/IP does not match certificate's altnames: Host: apis.data.go.kr. is not cert's CN: 27.101.208.130
[2025-10-01T13:30:09.442Z] [INFO] 주택가격 시도: 동='', 호='지하B102'
[2025-10-01T13:30:09.451Z] [INFO] ✅ 대지지분 성공: 동='', 호='102', 지분=33.125
[2025-10-01T13:30:10.406Z] [INFO] ✅ 주택가격 성공: 동='', 호='지하B102', 가격=11200만원, 년도=2025
[2025-10-01T13:30:10.407Z] [INFO] ⚡ API 데이터 수집 완료 (2660ms)
[2025-10-01T13:30:10.407Z] [ERROR] ❌ 건축물 기본 정보 조회 실패 - 필수 API 응답 없음
[2025-10-01T13:30:10.407Z] [INFO] 재시도 기록: recVY6LjmZWbRvXbL - 시도 2/5
[2025-10-01T13:30:10.407Z] [INFO] 
🎉 작업 완료!
[2025-10-01T13:30:10.407Z] [INFO] 📊 처리 결과: 1개 중 0개 성공, 1개 실패, 0개 건너뜀
[2025-10-01T13:30:10.407Z] [INFO] 📈 성공률: 0.0%
[2025-10-01T13:31:00.993Z] [INFO] 🎯 처리할 집합건물 레코드 발견, 작업 실행 중...
[2025-10-01T13:31:00.993Z] [INFO] 🚀 집합건물 정보 수집 작업 시작...
[2025-10-01T13:31:01.793Z] [INFO] 📋 뷰에서 1개 레코드 발견
[2025-10-01T13:31:01.794Z] [INFO] ⏳ 직렬 처리 시작 (총 1개)...
[2025-10-01T13:31:01.794Z] [INFO] 
📍 [1/1] 처리 중: recVY6LjmZWbRvXbL
[2025-10-01T13:31:01.794Z] [INFO] 🏗️ 레코드 처리 시작 (시도 3/5): recVY6LjmZWbRvXbL - 관악구 봉천동 1689-8  지하B102호
[2025-10-01T13:31:10.392Z] [INFO] 📍 생성된 PNU: 1162010100116890008
[2025-10-01T13:31:10.392Z] [INFO] 📡 API 데이터 수집 시작 (병렬 처리)...
[2025-10-01T13:31:10.392Z] [INFO] 🌍 VWorld 토지특성 정보 조회 시작 - PNU: 1162010100116890008
[2025-10-01T13:31:10.392Z] [INFO] 🌍 VWorld 대지지분 정보 조회 시작 - PNU: 1162010100116890008, 동: , 호: 지하B102호
[2025-10-01T13:31:10.393Z] [INFO] 대지지분 시도: 동='', 호='지하B102호'
[2025-10-01T13:31:10.393Z] [INFO] 🏠 VWorld 주택가격 정보 조회 시작 - PNU: 1162010100116890008, 동: , 호: 지하B102호
[2025-10-01T13:31:10.393Z] [INFO] 주택가격 시도: 동='', 호='지하B102호'
[2025-10-01T13:31:11.194Z] [INFO] 🏢 면적 정보 조회 시작 - 원본 동/호: 동='', 호='지하B102호'
[2025-10-01T13:31:11.232Z] [INFO] ✅ VWorld 토지특성 성공 - 용도지역: 제2종일반주거지역, 토지면적: 119.7
[2025-10-01T13:31:11.234Z] [INFO] 대지지분 시도: 동='', 호='102'
[2025-10-01T13:31:11.258Z] [INFO] 주택가격 시도: 동='', 호='102'
[2025-10-01T13:31:11.493Z] [ERROR] getBuildingAreaInfo 실패: Hostname/IP does not match certificate's altnames: Host: apis.data.go.kr. is not cert's CN: 27.101.208.130
[2025-10-01T13:31:11.494Z] [ERROR] getBuildingTitleInfo 실패: Hostname/IP does not match certificate's altnames: Host: apis.data.go.kr. is not cert's CN: 27.101.208.130
[2025-10-01T13:31:11.510Z] [ERROR] getBuildingRecapInfo 실패: Hostname/IP does not match certificate's altnames: Host: apis.data.go.kr. is not cert's CN: 27.101.208.130
[2025-10-01T13:31:11.511Z] [ERROR] getBuildingExposInfo 실패: Hostname/IP does not match certificate's altnames: Host: apis.data.go.kr. is not cert's CN: 27.101.208.130
[2025-10-01T13:31:12.064Z] [INFO] ✅ 대지지분 성공: 동='', 호='102', 지분=33.125
[2025-10-01T13:31:12.088Z] [INFO] 주택가격 시도: 동='', 호='지하B102'
[2025-10-01T13:31:12.927Z] [INFO] ✅ 주택가격 성공: 동='', 호='지하B102', 가격=11200만원, 년도=2025
[2025-10-01T13:31:12.928Z] [INFO] ⚡ API 데이터 수집 완료 (2535ms)
[2025-10-01T13:31:12.928Z] [ERROR] ❌ 건축물 기본 정보 조회 실패 - 필수 API 응답 없음
[2025-10-01T13:31:12.928Z] [INFO] 재시도 기록: recVY6LjmZWbRvXbL - 시도 3/5
[2025-10-01T13:31:12.928Z] [INFO] 
🎉 작업 완료!
[2025-10-01T13:31:12.928Z] [INFO] 📊 처리 결과: 1개 중 0개 성공, 1개 실패, 0개 건너뜀
[2025-10-01T13:31:12.928Z] [INFO] 📈 성공률: 0.0%
[2025-10-01T13:32:01.026Z] [INFO] 🎯 처리할 집합건물 레코드 발견, 작업 실행 중...
[2025-10-01T13:32:01.026Z] [INFO] 🚀 집합건물 정보 수집 작업 시작...
[2025-10-01T13:32:01.853Z] [INFO] 📋 뷰에서 1개 레코드 발견
[2025-10-01T13:32:01.854Z] [INFO] ⏳ 직렬 처리 시작 (총 1개)...
[2025-10-01T13:32:01.854Z] [INFO] 
📍 [1/1] 처리 중: recVY6LjmZWbRvXbL
[2025-10-01T13:32:01.854Z] [INFO] 🏗️ 레코드 처리 시작 (시도 4/5): recVY6LjmZWbRvXbL - 관악구 봉천동 1689-8  지하B102호
[2025-10-01T13:32:05.765Z] [INFO] 📍 생성된 PNU: 1162010100116890008
[2025-10-01T13:32:05.765Z] [INFO] 📡 API 데이터 수집 시작 (병렬 처리)...
[2025-10-01T13:32:05.765Z] [INFO] 🌍 VWorld 토지특성 정보 조회 시작 - PNU: 1162010100116890008
[2025-10-01T13:32:05.765Z] [INFO] 🌍 VWorld 대지지분 정보 조회 시작 - PNU: 1162010100116890008, 동: , 호: 지하B102호
[2025-10-01T13:32:05.765Z] [INFO] 대지지분 시도: 동='', 호='지하B102호'
[2025-10-01T13:32:05.765Z] [INFO] 🏠 VWorld 주택가격 정보 조회 시작 - PNU: 1162010100116890008, 동: , 호: 지하B102호
[2025-10-01T13:32:05.765Z] [INFO] 주택가격 시도: 동='', 호='지하B102호'
[2025-10-01T13:32:06.567Z] [INFO] 🏢 면적 정보 조회 시작 - 원본 동/호: 동='', 호='지하B102호'
[2025-10-01T13:32:06.604Z] [INFO] 대지지분 시도: 동='', 호='102'
[2025-10-01T13:32:06.606Z] [INFO] 주택가격 시도: 동='', 호='102'
[2025-10-01T13:32:06.608Z] [INFO] ✅ VWorld 토지특성 성공 - 용도지역: 제2종일반주거지역, 토지면적: 119.7
[2025-10-01T13:32:07.438Z] [INFO] 주택가격 시도: 동='', 호='지하B102'
[2025-10-01T13:32:07.451Z] [INFO] ✅ 대지지분 성공: 동='', 호='102', 지분=33.125
[2025-10-01T13:32:07.621Z] [ERROR] getBuildingRecapInfo 실패: Hostname/IP does not match certificate's altnames: Host: apis.data.go.kr. is not cert's CN: 27.101.208.130
[2025-10-01T13:32:07.622Z] [ERROR] getBuildingAreaInfo 실패: Hostname/IP does not match certificate's altnames: Host: apis.data.go.kr. is not cert's CN: 27.101.208.130
[2025-10-01T13:32:07.624Z] [ERROR] getBuildingTitleInfo 실패: Hostname/IP does not match certificate's altnames: Host: apis.data.go.kr. is not cert's CN: 27.101.208.130
[2025-10-01T13:32:07.625Z] [ERROR] getBuildingExposInfo 실패: Hostname/IP does not match certificate's altnames: Host: apis.data.go.kr. is not cert's CN: 27.101.208.130
[2025-10-01T13:32:08.272Z] [INFO] ✅ 주택가격 성공: 동='', 호='지하B102', 가격=11200만원, 년도=2025
[2025-10-01T13:32:08.272Z] [INFO] ⚡ API 데이터 수집 완료 (2507ms)
[2025-10-01T13:32:08.272Z] [ERROR] ❌ 건축물 기본 정보 조회 실패 - 필수 API 응답 없음
[2025-10-01T13:32:08.272Z] [INFO] 재시도 기록: recVY6LjmZWbRvXbL - 시도 4/5
[2025-10-01T13:32:08.272Z] [INFO] 
🎉 작업 완료!
[2025-10-01T13:32:08.272Z] [INFO] 📊 처리 결과: 1개 중 0개 성공, 1개 실패, 0개 건너뜀
[2025-10-01T13:32:08.272Z] [INFO] 📈 성공률: 0.0%
[2025-10-01T13:33:00.899Z] [INFO] 🎯 처리할 집합건물 레코드 발견, 작업 실행 중...
[2025-10-01T13:33:00.899Z] [INFO] 🚀 집합건물 정보 수집 작업 시작...
[2025-10-01T13:33:01.574Z] [INFO] 📋 뷰에서 1개 레코드 발견
[2025-10-01T13:33:01.574Z] [INFO] ⏳ 직렬 처리 시작 (총 1개)...
[2025-10-01T13:33:01.574Z] [INFO] 
📍 [1/1] 처리 중: recVY6LjmZWbRvXbL
[2025-10-01T13:33:01.574Z] [INFO] 🏗️ 레코드 처리 시작 (시도 5/5): recVY6LjmZWbRvXbL - 관악구 봉천동 1689-8  지하B102호
[2025-10-01T13:33:07.925Z] [INFO] 📍 생성된 PNU: 1162010100116890008
[2025-10-01T13:33:07.925Z] [INFO] 📡 API 데이터 수집 시작 (병렬 처리)...
[2025-10-01T13:33:07.925Z] [INFO] 🌍 VWorld 토지특성 정보 조회 시작 - PNU: 1162010100116890008
[2025-10-01T13:33:07.925Z] [INFO] 🌍 VWorld 대지지분 정보 조회 시작 - PNU: 1162010100116890008, 동: , 호: 지하B102호
[2025-10-01T13:33:07.925Z] [INFO] 대지지분 시도: 동='', 호='지하B102호'
[2025-10-01T13:33:07.925Z] [INFO] 🏠 VWorld 주택가격 정보 조회 시작 - PNU: 1162010100116890008, 동: , 호: 지하B102호
[2025-10-01T13:33:07.925Z] [INFO] 주택가격 시도: 동='', 호='지하B102호'
[2025-10-01T13:33:08.728Z] [INFO] 🏢 면적 정보 조회 시작 - 원본 동/호: 동='', 호='지하B102호'
[2025-10-01T13:33:08.756Z] [ERROR] getBuildingRecapInfo 실패: Hostname/IP does not match certificate's altnames: Host: apis.data.go.kr. is not cert's CN: 27.101.208.130
[2025-10-01T13:33:08.758Z] [ERROR] getBuildingExposInfo 실패: Hostname/IP does not match certificate's altnames: Host: apis.data.go.kr. is not cert's CN: 27.101.208.130
[2025-10-01T13:33:08.762Z] [INFO] ✅ VWorld 토지특성 성공 - 용도지역: 제2종일반주거지역, 토지면적: 119.7
[2025-10-01T13:33:08.763Z] [INFO] 대지지분 시도: 동='', 호='102'
[2025-10-01T13:33:08.768Z] [INFO] 주택가격 시도: 동='', 호='102'
[2025-10-01T13:33:08.773Z] [ERROR] getBuildingAreaInfo 실패: Hostname/IP does not match certificate's altnames: Host: apis.data.go.kr. is not cert's CN: 27.101.208.130
[2025-10-01T13:33:08.776Z] [ERROR] getBuildingTitleInfo 실패: Hostname/IP does not match certificate's altnames: Host: apis.data.go.kr. is not cert's CN: 27.101.208.130
[2025-10-01T13:33:09.602Z] [INFO] ✅ 대지지분 성공: 동='', 호='102', 지분=33.125
[2025-10-01T13:33:09.611Z] [INFO] 주택가격 시도: 동='', 호='지하B102'
[2025-10-01T13:33:10.445Z] [INFO] ✅ 주택가격 성공: 동='', 호='지하B102', 가격=11200만원, 년도=2025
[2025-10-01T13:33:10.445Z] [INFO] ⚡ API 데이터 수집 완료 (2520ms)
[2025-10-01T13:33:10.446Z] [ERROR] ❌ 건축물 기본 정보 조회 실패 - 필수 API 응답 없음
[2025-10-01T13:33:10.446Z] [WARN] ❌ 레코드 최대 재시도 횟수 도달: recVY6LjmZWbRvXbL (5회)
[2025-10-01T13:33:10.446Z] [INFO] 재시도 기록: recVY6LjmZWbRvXbL - 시도 5/5
[2025-10-01T13:33:13.887Z] [INFO] 📧 실패 알림 이메일 발송 완료: 1개 레코드
[2025-10-01T13:33:13.887Z] [INFO] 
🎉 작업 완료!
[2025-10-01T13:33:13.887Z] [INFO] 📊 처리 결과: 1개 중 0개 성공, 1개 실패, 0개 건너뜀
[2025-10-01T13:33:13.887Z] [INFO] 📈 성공률: 0.0%
[2025-10-01T15:00:00.423Z] [INFO] 오래된 로그 파일 1개 삭제 완료
