[2025-07-02T01:07:00.791Z] [INFO] 🎯 처리할 집합건물 레코드 발견, 작업 실행 중...
[2025-07-02T01:07:00.796Z] [INFO] 🚀 집합건물 정보 수집 작업 시작...
[2025-07-02T01:07:01.638Z] [INFO] 📋 뷰에서 1개 레코드 발견
[2025-07-02T01:07:01.638Z] [INFO] ⏳ 직렬 처리 시작 (총 1개)...
[2025-07-02T01:07:01.638Z] [INFO] 
📍 [1/1] 처리 중: recTyC1tOEXjA3Ca6
[2025-07-02T01:07:01.641Z] [INFO] 🏗️ 레코드 처리 시작: recTyC1tOEXjA3Ca6 - 관악구 신림동 10-382  지층
[2025-07-02T01:07:06.590Z] [INFO] 📍 생성된 PNU: 1162010200100100382
[2025-07-02T01:07:06.590Z] [INFO] 📡 API 데이터 수집 시작 (병렬 처리)...
[2025-07-02T01:07:06.592Z] [INFO] 🌍 VWorld 토지특성 정보 조회 시작 - PNU: 1162010200100100382
[2025-07-02T01:07:06.592Z] [INFO] 🌍 VWorld 대지지분 정보 조회 시작 - PNU: 1162010200100100382, 동: , 호: 지층
[2025-07-02T01:07:06.593Z] [INFO] 대지지분 시도: 동='', 호='지층'
[2025-07-02T01:07:06.594Z] [INFO] 🏠 VWorld 주택가격 정보 조회 시작 - PNU: 1162010200100100382, 동: , 호: 지층
[2025-07-02T01:07:06.594Z] [INFO] 주택가격 시도: 동='', 호='지층'
[2025-07-02T01:07:07.400Z] [INFO] 🏢 면적 정보 조회 시작 - 원본 동/호: 동='', 호='지층'
[2025-07-02T01:07:07.451Z] [INFO] ✅ VWorld 토지특성 성공 - 용도지역: 제1종일반주거지역, 토지면적: 175
[2025-07-02T01:07:07.458Z] [INFO] 대지지분 시도: 동='', 호=''
[2025-07-02T01:07:07.463Z] [INFO] ✅ 주택가격 성공: 동='', 호='지층', 가격=14900만원, 년도=2024
[2025-07-02T01:07:08.293Z] [INFO] ✅ 대지지분 성공: 동='', 호='', 지분=58.4
[2025-07-02T01:07:09.857Z] [INFO] 1단계 면적 정보 조회 결과: totalCount=1
[2025-07-02T01:07:09.857Z] [INFO] ✅ 1단계 면적 정보 조회 성공 - 원본 동/호 사용
[2025-07-02T01:07:09.858Z] [INFO] ⚡ API 데이터 수집 완료 (3267ms)
[2025-07-02T01:07:09.860Z] [INFO] 총괄표제부 없음, 표제부 데이터 처리 중 (빌라, 다세대 등)
[2025-07-02T01:07:09.861Z] [INFO] 📏 면적 정보 항목 수: 1
[2025-07-02T01:07:09.861Z] [INFO] 전용면적 추가: +83.08㎡ (총 83.08㎡)
[2025-07-02T01:07:09.861Z] [INFO] 📊 최종 면적 정보: 전용=83.08㎡, 공용=0㎡, 공급=83.08㎡
[2025-07-02T01:07:09.861Z] [INFO] 📝 업데이트 예정 필드: 도로명주소, 건물명, 주구조, 지붕, 주용도, 연면적(㎡), 용적률산정용연면적(㎡), 건축면적(㎡), 사용승인일, 총층수, 해당동 세대/가구/호, 총 세대/가구/호, 주건물수, 전용면적(㎡), 공급면적(㎡), 용도지역, 토지면적(㎡), 주택가격(만원), 주택가격기준년도, 대지지분(㎡)
[2025-07-02T01:07:10.770Z] [INFO] ✅ 에어테이블 업데이트 성공: recTyC1tOEXjA3Ca6 (총 4180ms)
[2025-07-02T01:07:10.770Z] [INFO] ✅ [1/1] 성공: recTyC1tOEXjA3Ca6
[2025-07-02T01:07:10.770Z] [INFO] 
🎉 작업 완료!
[2025-07-02T01:07:10.770Z] [INFO] 📊 처리 결과: 1개 중 1개 성공, 0개 실패
[2025-07-02T01:07:10.770Z] [INFO] 📈 성공률: 100.0%
